2024-03-18 11:57:46.327 [main] INFO  TestInputs - Summary inputs:
2024-03-18 11:57:46.434 [main] INFO  TestInputs - John S Dewey		:MONEY		:100.0		:2024-03-01T00:00
2024-03-18 11:57:46.437 [main] INFO  TestInputs - Michael Jones		:MONEY		:4000.0		:2024-02-25T00:00
2024-03-18 11:57:46.438 [main] INFO  TestInputs - Edward S Sweeney	:FOOD		:9999.0		:2024-01-01T00:00
2024-03-18 11:57:46.459 [main] INFO  TestInputs - Michelle Sonnenberg	:CLOTHING	:750.0		:2024-02-01T00:00
2024-03-18 11:57:46.461 [main] INFO  TestInputs - Gertrude Dux		:CLOTHING	:3500.0		:2024-01-01T00:00
2024-03-18 11:57:46.463 [main] INFO  TestInputs - Jeremiah L Books	:FOOD		:2500.0		:2024-03-14T00:00
2024-03-18 11:57:46.464 [main] INFO  TestInputs - Ed Foote		:CLOTHING	:999.0		:2024-03-07T00:00
2024-03-18 11:57:46.465 [main] INFO  TestInputs - Wylie Coyote		:MONEY		:1600.0		:2024-01-15T00:00
2024-03-18 11:57:46.466 [main] INFO  TestInputs - Jennifer Dowling	:FOOD		:3000.0		:2024-01-15T00:00
2024-03-18 11:57:46.467 [main] INFO  TestInputs - Scape E Goat		:MONEY		:150.0		:2024-03-02T00:00
2024-03-18 11:57:46.469 [main] INFO  TestInputs - Funny Duckling	:CLOTHING	:1090.0		:2024-03-01T00:00
2024-03-18 11:57:46.492 [main] INFO  TestInputs - Earle S Grates	:MONEY		:9000.0		:2024-03-01T00:00
2024-03-18 11:57:46.504 [main] INFO  TestInputs - Jerry Smith		:FOOD		:1843.0		:2024-02-29T00:00
2024-03-18 11:57:46.505 [main] INFO  TestInputs - Willie J Smoots	:MISC		:649.0		:2024-01-01T00:00
2024-03-18 11:57:46.506 [main] INFO  TestInputs - Mike Dewey		:MISC		:1000.0		:2024-02-28T00:00
2024-03-18 11:57:47.603 [main] INFO  Donation - Distribute(): Query: SELECT * FROM donations_manager.donations WHERE DonationType="CLOTHING" AND Remaining >=244.2
2024-03-18 11:57:47.657 [main] INFO  Donation - Determine if sufficient funds exist... winner: 1623=750.0
2024-03-18 11:57:47.692 [main] INFO  Donation - Distribute(): Query: INSERT INTO donations_manager.distributions(DonationType,DollarValue,Date,Notes) values("CLOTHING",244.2,"2024-03-18T11:57:46.511261","Michelle Sonnenberg")
2024-03-18 11:57:47.727 [main] INFO  Donation - Distribute(): Query: UPDATE donations_manager.donations SET Remaining = 505.8 WHERE ID = 1623
2024-03-18 11:57:47.762 [main] INFO  Donation - Distribute(): Query: SELECT * FROM donations_manager.donations WHERE DonorName="Michelle Sonnenberg" AND Remaining =505.8
2024-03-18 11:57:47.778 [main] INFO  Donation - Result of query execution: true
2024-03-18 11:57:47.780 [main] INFO  Donation - updatedSuccessfully: true
2024-03-18 11:57:47.782 [main] INFO  Donation - 
GenerateReports():
2024-03-18 11:57:47.783 [main] INFO  Donation - 

Creating a report for donation inventory by type for type: MONEY
2024-03-18 11:57:47.784 [main] INFO  Donation - Distribute(): Query: SELECT * FROM donations_manager.donations WHERE DonationType="MONEY"
2024-03-18 11:57:47.804 [main] INFO  Donation - 

Creating a report for donation inventory by type for type: FOOD
2024-03-18 11:57:47.805 [main] INFO  Donation - Distribute(): Query: SELECT * FROM donations_manager.donations WHERE DonationType="FOOD"
2024-03-18 11:57:47.821 [main] INFO  Donation - 

Creating a report for donation inventory by type for type: CLOTHING
2024-03-18 11:57:47.822 [main] INFO  Donation - Distribute(): Query: SELECT * FROM donations_manager.donations WHERE DonationType="CLOTHING"
2024-03-18 11:57:47.839 [main] INFO  Donation - 

Creating a report for donation inventory by type for type: MISC
2024-03-18 11:57:47.840 [main] INFO  Donation - Distribute(): Query: SELECT * FROM donations_manager.donations WHERE DonationType="MISC"
2024-03-18 11:57:47.855 [main] INFO  Donation - Donation:
2024-03-18 11:57:47.856 [main] INFO  Donation - 	DonationType: MONEY
2024-03-18 11:57:47.857 [main] INFO  Donation - 	DonorName: John S Dewey
2024-03-18 11:57:47.857 [main] INFO  Donation - 	DollarValue: 100.00
2024-03-18 11:57:47.858 [main] INFO  Donation - 	ID: 1620
2024-03-18 11:57:47.858 [main] INFO  Donation - 	Remaining: 100.00
2024-03-18 11:57:47.858 [main] INFO  Donation - 	Date: 2024-03-01T00:00
2024-03-18 11:57:47.859 [main] INFO  Donation - Donation:
2024-03-18 11:57:47.859 [main] INFO  Donation - 	DonationType: MONEY
2024-03-18 11:57:47.859 [main] INFO  Donation - 	DonorName: Michael Jones
2024-03-18 11:57:47.859 [main] INFO  Donation - 	DollarValue: 4000.00
2024-03-18 11:57:47.860 [main] INFO  Donation - 	ID: 1621
2024-03-18 11:57:47.860 [main] INFO  Donation - 	Remaining: 4000.00
2024-03-18 11:57:47.860 [main] INFO  Donation - 	Date: 2024-02-25T00:00
2024-03-18 11:57:47.860 [main] INFO  Donation - Donation:
2024-03-18 11:57:47.861 [main] INFO  Donation - 	DonationType: MONEY
2024-03-18 11:57:47.862 [main] INFO  Donation - 	DonorName: Wylie Coyote
2024-03-18 11:57:47.862 [main] INFO  Donation - 	DollarValue: 1600.00
2024-03-18 11:57:47.862 [main] INFO  Donation - 	ID: 1627
2024-03-18 11:57:47.862 [main] INFO  Donation - 	Remaining: 1600.00
2024-03-18 11:57:47.863 [main] INFO  Donation - 	Date: 2024-01-15T00:00
2024-03-18 11:57:47.864 [main] INFO  Donation - Donation:
2024-03-18 11:57:47.864 [main] INFO  Donation - 	DonationType: MONEY
2024-03-18 11:57:47.864 [main] INFO  Donation - 	DonorName: Scape E Goat
2024-03-18 11:57:47.865 [main] INFO  Donation - 	DollarValue: 150.00
2024-03-18 11:57:47.865 [main] INFO  Donation - 	ID: 1629
2024-03-18 11:57:47.866 [main] INFO  Donation - 	Remaining: 150.00
2024-03-18 11:57:47.866 [main] INFO  Donation - 	Date: 2024-03-02T00:00
2024-03-18 11:57:47.867 [main] INFO  Donation - Donation:
2024-03-18 11:57:47.868 [main] INFO  Donation - 	DonationType: MONEY
2024-03-18 11:57:47.868 [main] INFO  Donation - 	DonorName: Earle S Grates
2024-03-18 11:57:47.869 [main] INFO  Donation - 	DollarValue: 9000.00
2024-03-18 11:57:47.869 [main] INFO  Donation - 	ID: 1631
2024-03-18 11:57:47.870 [main] INFO  Donation - 	Remaining: 9000.00
2024-03-18 11:57:47.870 [main] INFO  Donation - 	Date: 2024-03-01T00:00
2024-03-18 11:57:47.870 [main] INFO  Donation - Donation:
2024-03-18 11:57:47.871 [main] INFO  Donation - 	DonationType: FOOD
2024-03-18 11:57:47.871 [main] INFO  Donation - 	DonorName: Edward S Sweeney
2024-03-18 11:57:47.871 [main] INFO  Donation - 	DollarValue: 9999.00
2024-03-18 11:57:47.871 [main] INFO  Donation - 	ID: 1622
2024-03-18 11:57:47.872 [main] INFO  Donation - 	Remaining: 9999.00
2024-03-18 11:57:47.872 [main] INFO  Donation - 	Date: 2024-01-01T00:00
2024-03-18 11:57:47.872 [main] INFO  Donation - Donation:
2024-03-18 11:57:47.872 [main] INFO  Donation - 	DonationType: FOOD
2024-03-18 11:57:47.872 [main] INFO  Donation - 	DonorName: Jeremiah L Books
2024-03-18 11:57:47.873 [main] INFO  Donation - 	DollarValue: 2500.00
2024-03-18 11:57:47.874 [main] INFO  Donation - 	ID: 1625
2024-03-18 11:57:47.874 [main] INFO  Donation - 	Remaining: 2500.00
2024-03-18 11:57:47.874 [main] INFO  Donation - 	Date: 2024-03-14T00:00
2024-03-18 11:57:47.875 [main] INFO  Donation - Donation:
2024-03-18 11:57:47.876 [main] INFO  Donation - 	DonationType: FOOD
2024-03-18 11:57:47.876 [main] INFO  Donation - 	DonorName: Jennifer Dowling
2024-03-18 11:57:47.876 [main] INFO  Donation - 	DollarValue: 3000.00
2024-03-18 11:57:47.876 [main] INFO  Donation - 	ID: 1628
2024-03-18 11:57:47.877 [main] INFO  Donation - 	Remaining: 3000.00
2024-03-18 11:57:47.877 [main] INFO  Donation - 	Date: 2024-01-15T00:00
2024-03-18 11:57:47.877 [main] INFO  Donation - Donation:
2024-03-18 11:57:47.878 [main] INFO  Donation - 	DonationType: FOOD
2024-03-18 11:57:47.878 [main] INFO  Donation - 	DonorName: Jerry Smith
2024-03-18 11:57:47.879 [main] INFO  Donation - 	DollarValue: 1843.00
2024-03-18 11:57:47.880 [main] INFO  Donation - 	ID: 1632
2024-03-18 11:57:47.880 [main] INFO  Donation - 	Remaining: 1843.00
2024-03-18 11:57:47.881 [main] INFO  Donation - 	Date: 2024-02-29T00:00
2024-03-18 11:57:47.882 [main] INFO  Donation - Donation:
2024-03-18 11:57:47.883 [main] INFO  Donation - 	DonationType: CLOTHING
2024-03-18 11:57:47.884 [main] INFO  Donation - 	DonorName: Michelle Sonnenberg
2024-03-18 11:57:47.885 [main] INFO  Donation - 	DollarValue: 750.00
2024-03-18 11:57:47.885 [main] INFO  Donation - 	ID: 1623
2024-03-18 11:57:47.886 [main] INFO  Donation - 	Remaining: 505.80
2024-03-18 11:57:47.886 [main] INFO  Donation - 	Date: 2024-02-01T00:00
2024-03-18 11:57:47.886 [main] INFO  Donation - Donation:
2024-03-18 11:57:47.886 [main] INFO  Donation - 	DonationType: CLOTHING
2024-03-18 11:57:47.887 [main] INFO  Donation - 	DonorName: Gertrude Dux
2024-03-18 11:57:47.887 [main] INFO  Donation - 	DollarValue: 3500.00
2024-03-18 11:57:47.887 [main] INFO  Donation - 	ID: 1624
2024-03-18 11:57:47.888 [main] INFO  Donation - 	Remaining: 3500.00
2024-03-18 11:57:47.888 [main] INFO  Donation - 	Date: 2024-01-01T00:00
2024-03-18 11:57:47.888 [main] INFO  Donation - Donation:
2024-03-18 11:57:47.889 [main] INFO  Donation - 	DonationType: CLOTHING
2024-03-18 11:57:47.889 [main] INFO  Donation - 	DonorName: Ed Foote
2024-03-18 11:57:47.889 [main] INFO  Donation - 	DollarValue: 999.00
2024-03-18 11:57:47.890 [main] INFO  Donation - 	ID: 1626
2024-03-18 11:57:47.891 [main] INFO  Donation - 	Remaining: 999.00
2024-03-18 11:57:47.892 [main] INFO  Donation - 	Date: 2024-03-07T00:00
2024-03-18 11:57:47.892 [main] INFO  Donation - Donation:
2024-03-18 11:57:47.892 [main] INFO  Donation - 	DonationType: CLOTHING
2024-03-18 11:57:47.892 [main] INFO  Donation - 	DonorName: Funny Duckling
2024-03-18 11:57:47.893 [main] INFO  Donation - 	DollarValue: 1090.00
2024-03-18 11:57:47.893 [main] INFO  Donation - 	ID: 1630
2024-03-18 11:57:47.893 [main] INFO  Donation - 	Remaining: 1090.00
2024-03-18 11:57:47.894 [main] INFO  Donation - 	Date: 2024-03-01T00:00
2024-03-18 11:57:47.895 [main] INFO  Donation - Donation:
2024-03-18 11:57:47.896 [main] INFO  Donation - 	DonationType: MISC
2024-03-18 11:57:47.897 [main] INFO  Donation - 	DonorName: Willie J Smoots
2024-03-18 11:57:47.898 [main] INFO  Donation - 	DollarValue: 649.00
2024-03-18 11:57:47.901 [main] INFO  Donation - 	ID: 1633
2024-03-18 11:57:47.903 [main] INFO  Donation - 	Remaining: 649.00
2024-03-18 11:57:47.904 [main] INFO  Donation - 	Date: 2024-01-01T00:00
2024-03-18 11:57:47.904 [main] INFO  Donation - Donation:
2024-03-18 11:57:47.905 [main] INFO  Donation - 	DonationType: MISC
2024-03-18 11:57:47.905 [main] INFO  Donation - 	DonorName: Mike Dewey
2024-03-18 11:57:47.906 [main] INFO  Donation - 	DollarValue: 1000.00
2024-03-18 11:57:47.906 [main] INFO  Donation - 	ID: 1634
2024-03-18 11:57:47.906 [main] INFO  Donation - 	Remaining: 1000.00
2024-03-18 11:57:47.906 [main] INFO  Donation - 	Date: 2024-02-28T00:00
2024-03-18 11:57:47.907 [main] INFO  Donation - Distribute(): Query: SELECT * FROM donations_manager.donations
2024-03-18 11:57:47.930 [main] INFO  Donation - results: 15
2024-03-18 11:57:47.931 [main] INFO  Donation - Report of All Donations by Donor

2024-03-18 11:57:47.932 [main] INFO  Donation - 

Gathering data for report for all donations by Donor: Michelle Sonnenberg
2024-03-18 11:57:47.932 [main] INFO  Donation - Distribute(): Query: SELECT * FROM donations_manager.donations WHERE DonorName="Michelle Sonnenberg"
2024-03-18 11:57:47.949 [main] INFO  Donation - 

Gathering data for report for all donations by Donor: Wylie Coyote
2024-03-18 11:57:47.950 [main] INFO  Donation - Distribute(): Query: SELECT * FROM donations_manager.donations WHERE DonorName="Wylie Coyote"
2024-03-18 11:57:47.972 [main] INFO  Donation - 

Gathering data for report for all donations by Donor: Edward S Sweeney
2024-03-18 11:57:47.973 [main] INFO  Donation - Distribute(): Query: SELECT * FROM donations_manager.donations WHERE DonorName="Edward S Sweeney"
2024-03-18 11:57:47.991 [main] INFO  Donation - 

Gathering data for report for all donations by Donor: Mike Dewey
2024-03-18 11:57:47.992 [main] INFO  Donation - Distribute(): Query: SELECT * FROM donations_manager.donations WHERE DonorName="Mike Dewey"
2024-03-18 11:57:48.009 [main] INFO  Donation - 

Gathering data for report for all donations by Donor: Jerry Smith
2024-03-18 11:57:48.009 [main] INFO  Donation - Distribute(): Query: SELECT * FROM donations_manager.donations WHERE DonorName="Jerry Smith"
2024-03-18 11:57:48.028 [main] INFO  Donation - 

Gathering data for report for all donations by Donor: Michael Jones
2024-03-18 11:57:48.030 [main] INFO  Donation - Distribute(): Query: SELECT * FROM donations_manager.donations WHERE DonorName="Michael Jones"
2024-03-18 11:57:48.050 [main] INFO  Donation - 

Gathering data for report for all donations by Donor: Willie J Smoots
2024-03-18 11:57:48.052 [main] INFO  Donation - Distribute(): Query: SELECT * FROM donations_manager.donations WHERE DonorName="Willie J Smoots"
2024-03-18 11:57:48.070 [main] INFO  Donation - 

Gathering data for report for all donations by Donor: Funny Duckling
2024-03-18 11:57:48.071 [main] INFO  Donation - Distribute(): Query: SELECT * FROM donations_manager.donations WHERE DonorName="Funny Duckling"
2024-03-18 11:57:48.085 [main] INFO  Donation - 

Gathering data for report for all donations by Donor: Gertrude Dux
2024-03-18 11:57:48.086 [main] INFO  Donation - Distribute(): Query: SELECT * FROM donations_manager.donations WHERE DonorName="Gertrude Dux"
2024-03-18 11:57:48.104 [main] INFO  Donation - 

Gathering data for report for all donations by Donor: Jeremiah L Books
2024-03-18 11:57:48.105 [main] INFO  Donation - Distribute(): Query: SELECT * FROM donations_manager.donations WHERE DonorName="Jeremiah L Books"
2024-03-18 11:57:48.124 [main] INFO  Donation - 

Gathering data for report for all donations by Donor: Earle S Grates
2024-03-18 11:57:48.125 [main] INFO  Donation - Distribute(): Query: SELECT * FROM donations_manager.donations WHERE DonorName="Earle S Grates"
2024-03-18 11:57:48.140 [main] INFO  Donation - 

Gathering data for report for all donations by Donor: John S Dewey
2024-03-18 11:57:48.141 [main] INFO  Donation - Distribute(): Query: SELECT * FROM donations_manager.donations WHERE DonorName="John S Dewey"
2024-03-18 11:57:48.159 [main] INFO  Donation - 

Gathering data for report for all donations by Donor: Jennifer Dowling
2024-03-18 11:57:48.160 [main] INFO  Donation - Distribute(): Query: SELECT * FROM donations_manager.donations WHERE DonorName="Jennifer Dowling"
2024-03-18 11:57:48.177 [main] INFO  Donation - 

Gathering data for report for all donations by Donor: Ed Foote
2024-03-18 11:57:48.178 [main] INFO  Donation - Distribute(): Query: SELECT * FROM donations_manager.donations WHERE DonorName="Ed Foote"
2024-03-18 11:57:48.202 [main] INFO  Donation - 

Gathering data for report for all donations by Donor: Scape E Goat
2024-03-18 11:57:48.202 [main] INFO  Donation - Distribute(): Query: SELECT * FROM donations_manager.donations WHERE DonorName="Scape E Goat"
2024-03-18 11:57:48.217 [main] INFO  Donation - 

Donor: Michelle Sonnenberg, 
Donations: [CLOTHING=750.0]
2024-03-18 11:57:48.218 [main] INFO  Donation - 

Donor: Wylie Coyote, 
Donations: [MONEY=1600.0]
2024-03-18 11:57:48.219 [main] INFO  Donation - 

Donor: Edward S Sweeney, 
Donations: [FOOD=9999.0]
2024-03-18 11:57:48.219 [main] INFO  Donation - 

Donor: Mike Dewey, 
Donations: [MISC=1000.0]
2024-03-18 11:57:48.220 [main] INFO  Donation - 

Donor: Jerry Smith, 
Donations: [FOOD=1843.0]
2024-03-18 11:57:48.223 [main] INFO  Donation - 

Donor: Michael Jones, 
Donations: [MONEY=4000.0]
2024-03-18 11:57:48.224 [main] INFO  Donation - 

Donor: Willie J Smoots, 
Donations: [MISC=649.0]
2024-03-18 11:57:48.224 [main] INFO  Donation - 

Donor: Funny Duckling, 
Donations: [CLOTHING=1090.0]
2024-03-18 11:57:48.225 [main] INFO  Donation - 

Donor: Gertrude Dux, 
Donations: [CLOTHING=3500.0]
2024-03-18 11:57:48.225 [main] INFO  Donation - 

Donor: Jeremiah L Books, 
Donations: [FOOD=2500.0]
2024-03-18 11:57:48.226 [main] INFO  Donation - 

Donor: Earle S Grates, 
Donations: [MONEY=9000.0]
2024-03-18 11:57:48.226 [main] INFO  Donation - 

Donor: John S Dewey, 
Donations: [MONEY=100.0]
2024-03-18 11:57:48.227 [main] INFO  Donation - 

Donor: Jennifer Dowling, 
Donations: [FOOD=3000.0]
2024-03-18 11:57:48.227 [main] INFO  Donation - 

Donor: Ed Foote, 
Donations: [CLOTHING=999.0]
2024-03-18 11:57:48.228 [main] INFO  Donation - 

Donor: Scape E Goat, 
Donations: [MONEY=150.0]
2024-03-18 12:02:59.477 [main] INFO  TestInputs - Summary inputs:
2024-03-18 12:02:59.513 [main] INFO  TestInputs - John S Dewey		:MONEY		:1000.0		:2024-02-01T00:00
2024-03-18 12:02:59.517 [main] INFO  TestInputs - Michael Jones		:CLOTHING	:335.0		:2024-02-25T00:00
2024-03-18 12:02:59.519 [main] INFO  TestInputs - Edward S Sweeney	:CLOTHING	:1250.0		:2024-02-01T00:00
2024-03-18 12:02:59.521 [main] INFO  TestInputs - Michelle Sonnenberg	:MONEY		:3000.0		:2024-02-01T00:00
2024-03-18 12:02:59.522 [main] INFO  TestInputs - Gertrude Dux		:MONEY		:500.0		:2024-02-01T00:00
2024-03-18 12:02:59.525 [main] INFO  TestInputs - Jeremiah L Books	:FOOD		:300.0		:2024-01-15T00:00
2024-03-18 12:02:59.526 [main] INFO  TestInputs - Ed Foote		:MISC		:450.0		:2024-01-15T00:00
2024-03-18 12:02:59.527 [main] INFO  TestInputs - Wylie Coyote		:FOOD		:2000.0		:2024-01-15T00:00
2024-03-18 12:02:59.528 [main] INFO  TestInputs - Jennifer Dowling	:FOOD		:400.0		:2024-01-15T00:00
2024-03-18 12:02:59.528 [main] INFO  TestInputs - Scape E Goat		:CLOTHING	:800.0		:2024-01-01T00:00
2024-03-18 12:02:59.529 [main] INFO  TestInputs - Funny Duckling	:MISC		:500.0		:2024-01-15T00:00
2024-03-18 12:02:59.530 [main] INFO  TestInputs - Earle S Grates	:MONEY		:250.0		:2024-01-15T00:00
2024-03-18 12:02:59.531 [main] INFO  TestInputs - Jerry Smith		:CLOTHING	:740.0		:2024-01-01T00:00
2024-03-18 12:02:59.533 [main] INFO  TestInputs - Willie J Smoots	:MONEY		:3000.0		:2024-01-01T00:00
2024-03-18 12:02:59.534 [main] INFO  TestInputs - Mike Dewey		:MONEY		:500.0		:2024-01-01T00:00
2024-03-18 12:03:01.076 [main] INFO  Donation - Distribute(): Query: SELECT * FROM donations_manager.donations WHERE DonationType="MONEY" AND Remaining >=1800.0
2024-03-18 12:03:01.163 [main] INFO  Donation - Determine if sufficient funds exist... winner: 1621=4000.0
2024-03-18 12:03:01.181 [main] INFO  Donation - Distribute(): Query: INSERT INTO donations_manager.distributions(DonationType,DollarValue,Date,Notes) values("MONEY",1800.0,"2024-03-18T12:02:59.542524400","Michael Jones")
2024-03-18 12:03:01.210 [main] INFO  Donation - Distribute(): Query: UPDATE donations_manager.donations SET Remaining = 2200.0 WHERE ID = 1621
2024-03-18 12:03:01.233 [main] INFO  Donation - Distribute(): Query: SELECT * FROM donations_manager.donations WHERE DonorName="Michael Jones" AND Remaining =2200.0
2024-03-18 12:03:01.248 [main] INFO  Donation - Result of query execution: true
2024-03-18 12:03:01.251 [main] INFO  Donation - updatedSuccessfully: true
2024-03-18 12:03:01.251 [main] INFO  Donation - 
GenerateReports():
2024-03-18 12:03:01.252 [main] INFO  Donation - 

Creating a report for donation inventory by type for type: MONEY
2024-03-18 12:03:01.252 [main] INFO  Donation - Distribute(): Query: SELECT * FROM donations_manager.donations WHERE DonationType="MONEY"
2024-03-18 12:03:01.270 [main] INFO  Donation - 

Creating a report for donation inventory by type for type: FOOD
2024-03-18 12:03:01.271 [main] INFO  Donation - Distribute(): Query: SELECT * FROM donations_manager.donations WHERE DonationType="FOOD"
2024-03-18 12:03:01.290 [main] INFO  Donation - 

Creating a report for donation inventory by type for type: CLOTHING
2024-03-18 12:03:01.291 [main] INFO  Donation - Distribute(): Query: SELECT * FROM donations_manager.donations WHERE DonationType="CLOTHING"
2024-03-18 12:03:01.307 [main] INFO  Donation - 

Creating a report for donation inventory by type for type: MISC
2024-03-18 12:03:01.307 [main] INFO  Donation - Distribute(): Query: SELECT * FROM donations_manager.donations WHERE DonationType="MISC"
2024-03-18 12:03:01.323 [main] INFO  Donation - Donation:
2024-03-18 12:03:01.324 [main] INFO  Donation - 	DonationType: MONEY
2024-03-18 12:03:01.324 [main] INFO  Donation - 	DonorName: John S Dewey
2024-03-18 12:03:01.324 [main] INFO  Donation - 	DollarValue: 100.00
2024-03-18 12:03:01.325 [main] INFO  Donation - 	ID: 1620
2024-03-18 12:03:01.325 [main] INFO  Donation - 	Remaining: 100.00
2024-03-18 12:03:01.325 [main] INFO  Donation - 	Date: 2024-03-01T00:00
2024-03-18 12:03:01.326 [main] INFO  Donation - Donation:
2024-03-18 12:03:01.326 [main] INFO  Donation - 	DonationType: MONEY
2024-03-18 12:03:01.326 [main] INFO  Donation - 	DonorName: Michael Jones
2024-03-18 12:03:01.327 [main] INFO  Donation - 	DollarValue: 4000.00
2024-03-18 12:03:01.327 [main] INFO  Donation - 	ID: 1621
2024-03-18 12:03:01.327 [main] INFO  Donation - 	Remaining: 2200.00
2024-03-18 12:03:01.328 [main] INFO  Donation - 	Date: 2024-02-25T00:00
2024-03-18 12:03:01.328 [main] INFO  Donation - Donation:
2024-03-18 12:03:01.328 [main] INFO  Donation - 	DonationType: MONEY
2024-03-18 12:03:01.328 [main] INFO  Donation - 	DonorName: Wylie Coyote
2024-03-18 12:03:01.329 [main] INFO  Donation - 	DollarValue: 1600.00
2024-03-18 12:03:01.329 [main] INFO  Donation - 	ID: 1627
2024-03-18 12:03:01.330 [main] INFO  Donation - 	Remaining: 1600.00
2024-03-18 12:03:01.330 [main] INFO  Donation - 	Date: 2024-01-15T00:00
2024-03-18 12:03:01.334 [main] INFO  Donation - Donation:
2024-03-18 12:03:01.337 [main] INFO  Donation - 	DonationType: MONEY
2024-03-18 12:03:01.337 [main] INFO  Donation - 	DonorName: Scape E Goat
2024-03-18 12:03:01.338 [main] INFO  Donation - 	DollarValue: 150.00
2024-03-18 12:03:01.338 [main] INFO  Donation - 	ID: 1629
2024-03-18 12:03:01.338 [main] INFO  Donation - 	Remaining: 150.00
2024-03-18 12:03:01.339 [main] INFO  Donation - 	Date: 2024-03-02T00:00
2024-03-18 12:03:01.339 [main] INFO  Donation - Donation:
2024-03-18 12:03:01.339 [main] INFO  Donation - 	DonationType: MONEY
2024-03-18 12:03:01.340 [main] INFO  Donation - 	DonorName: Earle S Grates
2024-03-18 12:03:01.341 [main] INFO  Donation - 	DollarValue: 9000.00
2024-03-18 12:03:01.341 [main] INFO  Donation - 	ID: 1631
2024-03-18 12:03:01.342 [main] INFO  Donation - 	Remaining: 9000.00
2024-03-18 12:03:01.342 [main] INFO  Donation - 	Date: 2024-03-01T00:00
2024-03-18 12:03:01.342 [main] INFO  Donation - Donation:
2024-03-18 12:03:01.343 [main] INFO  Donation - 	DonationType: MONEY
2024-03-18 12:03:01.343 [main] INFO  Donation - 	DonorName: John S Dewey
2024-03-18 12:03:01.343 [main] INFO  Donation - 	DollarValue: 1000.00
2024-03-18 12:03:01.344 [main] INFO  Donation - 	ID: 1635
2024-03-18 12:03:01.344 [main] INFO  Donation - 	Remaining: 1000.00
2024-03-18 12:03:01.344 [main] INFO  Donation - 	Date: 2024-02-01T00:00
2024-03-18 12:03:01.345 [main] INFO  Donation - Donation:
2024-03-18 12:03:01.345 [main] INFO  Donation - 	DonationType: MONEY
2024-03-18 12:03:01.345 [main] INFO  Donation - 	DonorName: Michelle Sonnenberg
2024-03-18 12:03:01.346 [main] INFO  Donation - 	DollarValue: 3000.00
2024-03-18 12:03:01.346 [main] INFO  Donation - 	ID: 1638
2024-03-18 12:03:01.347 [main] INFO  Donation - 	Remaining: 3000.00
2024-03-18 12:03:01.347 [main] INFO  Donation - 	Date: 2024-02-01T00:00
2024-03-18 12:03:01.347 [main] INFO  Donation - Donation:
2024-03-18 12:03:01.347 [main] INFO  Donation - 	DonationType: MONEY
2024-03-18 12:03:01.349 [main] INFO  Donation - 	DonorName: Gertrude Dux
2024-03-18 12:03:01.351 [main] INFO  Donation - 	DollarValue: 500.00
2024-03-18 12:03:01.351 [main] INFO  Donation - 	ID: 1639
2024-03-18 12:03:01.352 [main] INFO  Donation - 	Remaining: 500.00
2024-03-18 12:03:01.352 [main] INFO  Donation - 	Date: 2024-02-01T00:00
2024-03-18 12:03:01.353 [main] INFO  Donation - Donation:
2024-03-18 12:03:01.353 [main] INFO  Donation - 	DonationType: MONEY
2024-03-18 12:03:01.354 [main] INFO  Donation - 	DonorName: Earle S Grates
2024-03-18 12:03:01.354 [main] INFO  Donation - 	DollarValue: 250.00
2024-03-18 12:03:01.354 [main] INFO  Donation - 	ID: 1646
2024-03-18 12:03:01.354 [main] INFO  Donation - 	Remaining: 250.00
2024-03-18 12:03:01.355 [main] INFO  Donation - 	Date: 2024-01-15T00:00
2024-03-18 12:03:01.355 [main] INFO  Donation - Donation:
2024-03-18 12:03:01.356 [main] INFO  Donation - 	DonationType: MONEY
2024-03-18 12:03:01.356 [main] INFO  Donation - 	DonorName: Willie J Smoots
2024-03-18 12:03:01.356 [main] INFO  Donation - 	DollarValue: 3000.00
2024-03-18 12:03:01.357 [main] INFO  Donation - 	ID: 1648
2024-03-18 12:03:01.357 [main] INFO  Donation - 	Remaining: 3000.00
2024-03-18 12:03:01.357 [main] INFO  Donation - 	Date: 2024-01-01T00:00
2024-03-18 12:03:01.358 [main] INFO  Donation - Donation:
2024-03-18 12:03:01.358 [main] INFO  Donation - 	DonationType: MONEY
2024-03-18 12:03:01.358 [main] INFO  Donation - 	DonorName: Mike Dewey
2024-03-18 12:03:01.359 [main] INFO  Donation - 	DollarValue: 500.00
2024-03-18 12:03:01.359 [main] INFO  Donation - 	ID: 1649
2024-03-18 12:03:01.359 [main] INFO  Donation - 	Remaining: 500.00
2024-03-18 12:03:01.360 [main] INFO  Donation - 	Date: 2024-01-01T00:00
2024-03-18 12:03:01.360 [main] INFO  Donation - Donation:
2024-03-18 12:03:01.361 [main] INFO  Donation - 	DonationType: FOOD
2024-03-18 12:03:01.361 [main] INFO  Donation - 	DonorName: Edward S Sweeney
2024-03-18 12:03:01.361 [main] INFO  Donation - 	DollarValue: 9999.00
2024-03-18 12:03:01.361 [main] INFO  Donation - 	ID: 1622
2024-03-18 12:03:01.362 [main] INFO  Donation - 	Remaining: 9999.00
2024-03-18 12:03:01.362 [main] INFO  Donation - 	Date: 2024-01-01T00:00
2024-03-18 12:03:01.362 [main] INFO  Donation - Donation:
2024-03-18 12:03:01.362 [main] INFO  Donation - 	DonationType: FOOD
2024-03-18 12:03:01.363 [main] INFO  Donation - 	DonorName: Jeremiah L Books
2024-03-18 12:03:01.363 [main] INFO  Donation - 	DollarValue: 2500.00
2024-03-18 12:03:01.363 [main] INFO  Donation - 	ID: 1625
2024-03-18 12:03:01.363 [main] INFO  Donation - 	Remaining: 2500.00
2024-03-18 12:03:01.364 [main] INFO  Donation - 	Date: 2024-03-14T00:00
2024-03-18 12:03:01.364 [main] INFO  Donation - Donation:
2024-03-18 12:03:01.366 [main] INFO  Donation - 	DonationType: FOOD
2024-03-18 12:03:01.367 [main] INFO  Donation - 	DonorName: Jennifer Dowling
2024-03-18 12:03:01.367 [main] INFO  Donation - 	DollarValue: 3000.00
2024-03-18 12:03:01.368 [main] INFO  Donation - 	ID: 1628
2024-03-18 12:03:01.369 [main] INFO  Donation - 	Remaining: 3000.00
2024-03-18 12:03:01.370 [main] INFO  Donation - 	Date: 2024-01-15T00:00
2024-03-18 12:03:01.370 [main] INFO  Donation - Donation:
2024-03-18 12:03:01.370 [main] INFO  Donation - 	DonationType: FOOD
2024-03-18 12:03:01.371 [main] INFO  Donation - 	DonorName: Jerry Smith
2024-03-18 12:03:01.371 [main] INFO  Donation - 	DollarValue: 1843.00
2024-03-18 12:03:01.371 [main] INFO  Donation - 	ID: 1632
2024-03-18 12:03:01.371 [main] INFO  Donation - 	Remaining: 1843.00
2024-03-18 12:03:01.372 [main] INFO  Donation - 	Date: 2024-02-29T00:00
2024-03-18 12:03:01.372 [main] INFO  Donation - Donation:
2024-03-18 12:03:01.372 [main] INFO  Donation - 	DonationType: FOOD
2024-03-18 12:03:01.373 [main] INFO  Donation - 	DonorName: Jeremiah L Books
2024-03-18 12:03:01.373 [main] INFO  Donation - 	DollarValue: 300.00
2024-03-18 12:03:01.373 [main] INFO  Donation - 	ID: 1640
2024-03-18 12:03:01.374 [main] INFO  Donation - 	Remaining: 300.00
2024-03-18 12:03:01.374 [main] INFO  Donation - 	Date: 2024-01-15T00:00
2024-03-18 12:03:01.374 [main] INFO  Donation - Donation:
2024-03-18 12:03:01.375 [main] INFO  Donation - 	DonationType: FOOD
2024-03-18 12:03:01.375 [main] INFO  Donation - 	DonorName: Wylie Coyote
2024-03-18 12:03:01.375 [main] INFO  Donation - 	DollarValue: 2000.00
2024-03-18 12:03:01.376 [main] INFO  Donation - 	ID: 1642
2024-03-18 12:03:01.376 [main] INFO  Donation - 	Remaining: 2000.00
2024-03-18 12:03:01.376 [main] INFO  Donation - 	Date: 2024-01-15T00:00
2024-03-18 12:03:01.377 [main] INFO  Donation - Donation:
2024-03-18 12:03:01.377 [main] INFO  Donation - 	DonationType: FOOD
2024-03-18 12:03:01.377 [main] INFO  Donation - 	DonorName: Jennifer Dowling
2024-03-18 12:03:01.378 [main] INFO  Donation - 	DollarValue: 400.00
2024-03-18 12:03:01.378 [main] INFO  Donation - 	ID: 1643
2024-03-18 12:03:01.378 [main] INFO  Donation - 	Remaining: 400.00
2024-03-18 12:03:01.378 [main] INFO  Donation - 	Date: 2024-01-15T00:00
2024-03-18 12:03:01.379 [main] INFO  Donation - Donation:
2024-03-18 12:03:01.379 [main] INFO  Donation - 	DonationType: CLOTHING
2024-03-18 12:03:01.379 [main] INFO  Donation - 	DonorName: Michelle Sonnenberg
2024-03-18 12:03:01.379 [main] INFO  Donation - 	DollarValue: 750.00
2024-03-18 12:03:01.380 [main] INFO  Donation - 	ID: 1623
2024-03-18 12:03:01.380 [main] INFO  Donation - 	Remaining: 505.80
2024-03-18 12:03:01.380 [main] INFO  Donation - 	Date: 2024-02-01T00:00
2024-03-18 12:03:01.380 [main] INFO  Donation - Donation:
2024-03-18 12:03:01.381 [main] INFO  Donation - 	DonationType: CLOTHING
2024-03-18 12:03:01.381 [main] INFO  Donation - 	DonorName: Gertrude Dux
2024-03-18 12:03:01.383 [main] INFO  Donation - 	DollarValue: 3500.00
2024-03-18 12:03:01.384 [main] INFO  Donation - 	ID: 1624
2024-03-18 12:03:01.384 [main] INFO  Donation - 	Remaining: 3500.00
2024-03-18 12:03:01.385 [main] INFO  Donation - 	Date: 2024-01-01T00:00
2024-03-18 12:03:01.386 [main] INFO  Donation - Donation:
2024-03-18 12:03:01.386 [main] INFO  Donation - 	DonationType: CLOTHING
2024-03-18 12:03:01.386 [main] INFO  Donation - 	DonorName: Ed Foote
2024-03-18 12:03:01.387 [main] INFO  Donation - 	DollarValue: 999.00
2024-03-18 12:03:01.387 [main] INFO  Donation - 	ID: 1626
2024-03-18 12:03:01.387 [main] INFO  Donation - 	Remaining: 999.00
2024-03-18 12:03:01.387 [main] INFO  Donation - 	Date: 2024-03-07T00:00
2024-03-18 12:03:01.388 [main] INFO  Donation - Donation:
2024-03-18 12:03:01.388 [main] INFO  Donation - 	DonationType: CLOTHING
2024-03-18 12:03:01.388 [main] INFO  Donation - 	DonorName: Funny Duckling
2024-03-18 12:03:01.388 [main] INFO  Donation - 	DollarValue: 1090.00
2024-03-18 12:03:01.389 [main] INFO  Donation - 	ID: 1630
2024-03-18 12:03:01.389 [main] INFO  Donation - 	Remaining: 1090.00
2024-03-18 12:03:01.389 [main] INFO  Donation - 	Date: 2024-03-01T00:00
2024-03-18 12:03:01.389 [main] INFO  Donation - Donation:
2024-03-18 12:03:01.390 [main] INFO  Donation - 	DonationType: CLOTHING
2024-03-18 12:03:01.390 [main] INFO  Donation - 	DonorName: Michael Jones
2024-03-18 12:03:01.390 [main] INFO  Donation - 	DollarValue: 335.00
2024-03-18 12:03:01.390 [main] INFO  Donation - 	ID: 1636
2024-03-18 12:03:01.391 [main] INFO  Donation - 	Remaining: 335.00
2024-03-18 12:03:01.392 [main] INFO  Donation - 	Date: 2024-02-25T00:00
2024-03-18 12:03:01.392 [main] INFO  Donation - Donation:
2024-03-18 12:03:01.393 [main] INFO  Donation - 	DonationType: CLOTHING
2024-03-18 12:03:01.394 [main] INFO  Donation - 	DonorName: Edward S Sweeney
2024-03-18 12:03:01.394 [main] INFO  Donation - 	DollarValue: 1250.00
2024-03-18 12:03:01.394 [main] INFO  Donation - 	ID: 1637
2024-03-18 12:03:01.395 [main] INFO  Donation - 	Remaining: 1250.00
2024-03-18 12:03:01.395 [main] INFO  Donation - 	Date: 2024-02-01T00:00
2024-03-18 12:03:01.396 [main] INFO  Donation - Donation:
2024-03-18 12:03:01.396 [main] INFO  Donation - 	DonationType: CLOTHING
2024-03-18 12:03:01.396 [main] INFO  Donation - 	DonorName: Scape E Goat
2024-03-18 12:03:01.397 [main] INFO  Donation - 	DollarValue: 800.00
2024-03-18 12:03:01.397 [main] INFO  Donation - 	ID: 1644
2024-03-18 12:03:01.397 [main] INFO  Donation - 	Remaining: 800.00
2024-03-18 12:03:01.397 [main] INFO  Donation - 	Date: 2024-01-01T00:00
2024-03-18 12:03:01.400 [main] INFO  Donation - Donation:
2024-03-18 12:03:01.401 [main] INFO  Donation - 	DonationType: CLOTHING
2024-03-18 12:03:01.401 [main] INFO  Donation - 	DonorName: Jerry Smith
2024-03-18 12:03:01.401 [main] INFO  Donation - 	DollarValue: 740.00
2024-03-18 12:03:01.402 [main] INFO  Donation - 	ID: 1647
2024-03-18 12:03:01.402 [main] INFO  Donation - 	Remaining: 740.00
2024-03-18 12:03:01.403 [main] INFO  Donation - 	Date: 2024-01-01T00:00
2024-03-18 12:03:01.403 [main] INFO  Donation - Donation:
2024-03-18 12:03:01.403 [main] INFO  Donation - 	DonationType: MISC
2024-03-18 12:03:01.403 [main] INFO  Donation - 	DonorName: Willie J Smoots
2024-03-18 12:03:01.404 [main] INFO  Donation - 	DollarValue: 649.00
2024-03-18 12:03:01.404 [main] INFO  Donation - 	ID: 1633
2024-03-18 12:03:01.404 [main] INFO  Donation - 	Remaining: 649.00
2024-03-18 12:03:01.405 [main] INFO  Donation - 	Date: 2024-01-01T00:00
2024-03-18 12:03:01.405 [main] INFO  Donation - Donation:
2024-03-18 12:03:01.405 [main] INFO  Donation - 	DonationType: MISC
2024-03-18 12:03:01.406 [main] INFO  Donation - 	DonorName: Mike Dewey
2024-03-18 12:03:01.406 [main] INFO  Donation - 	DollarValue: 1000.00
2024-03-18 12:03:01.406 [main] INFO  Donation - 	ID: 1634
2024-03-18 12:03:01.406 [main] INFO  Donation - 	Remaining: 1000.00
2024-03-18 12:03:01.407 [main] INFO  Donation - 	Date: 2024-02-28T00:00
2024-03-18 12:03:01.407 [main] INFO  Donation - Donation:
2024-03-18 12:03:01.408 [main] INFO  Donation - 	DonationType: MISC
2024-03-18 12:03:01.408 [main] INFO  Donation - 	DonorName: Ed Foote
2024-03-18 12:03:01.409 [main] INFO  Donation - 	DollarValue: 450.00
2024-03-18 12:03:01.409 [main] INFO  Donation - 	ID: 1641
2024-03-18 12:03:01.409 [main] INFO  Donation - 	Remaining: 450.00
2024-03-18 12:03:01.410 [main] INFO  Donation - 	Date: 2024-01-15T00:00
2024-03-18 12:03:01.410 [main] INFO  Donation - Donation:
2024-03-18 12:03:01.410 [main] INFO  Donation - 	DonationType: MISC
2024-03-18 12:03:01.411 [main] INFO  Donation - 	DonorName: Funny Duckling
2024-03-18 12:03:01.411 [main] INFO  Donation - 	DollarValue: 500.00
2024-03-18 12:03:01.411 [main] INFO  Donation - 	ID: 1645
2024-03-18 12:03:01.412 [main] INFO  Donation - 	Remaining: 500.00
2024-03-18 12:03:01.412 [main] INFO  Donation - 	Date: 2024-01-15T00:00
2024-03-18 12:03:01.412 [main] INFO  Donation - Distribute(): Query: SELECT * FROM donations_manager.donations
2024-03-18 12:03:01.429 [main] INFO  Donation - results: 30
2024-03-18 12:03:01.430 [main] INFO  Donation - Report of All Donations by Donor

2024-03-18 12:03:01.430 [main] INFO  Donation - 

Gathering data for report for all donations by Donor: Michelle Sonnenberg
2024-03-18 12:03:01.431 [main] INFO  Donation - Distribute(): Query: SELECT * FROM donations_manager.donations WHERE DonorName="Michelle Sonnenberg"
2024-03-18 12:03:01.451 [main] INFO  Donation - 

Gathering data for report for all donations by Donor: Wylie Coyote
2024-03-18 12:03:01.452 [main] INFO  Donation - Distribute(): Query: SELECT * FROM donations_manager.donations WHERE DonorName="Wylie Coyote"
2024-03-18 12:03:01.466 [main] INFO  Donation - 

Gathering data for report for all donations by Donor: Edward S Sweeney
2024-03-18 12:03:01.468 [main] INFO  Donation - Distribute(): Query: SELECT * FROM donations_manager.donations WHERE DonorName="Edward S Sweeney"
2024-03-18 12:03:01.486 [main] INFO  Donation - 

Gathering data for report for all donations by Donor: Mike Dewey
2024-03-18 12:03:01.487 [main] INFO  Donation - Distribute(): Query: SELECT * FROM donations_manager.donations WHERE DonorName="Mike Dewey"
2024-03-18 12:03:01.506 [main] INFO  Donation - 

Gathering data for report for all donations by Donor: Jerry Smith
2024-03-18 12:03:01.506 [main] INFO  Donation - Distribute(): Query: SELECT * FROM donations_manager.donations WHERE DonorName="Jerry Smith"
2024-03-18 12:03:01.523 [main] INFO  Donation - 

Gathering data for report for all donations by Donor: Michael Jones
2024-03-18 12:03:01.524 [main] INFO  Donation - Distribute(): Query: SELECT * FROM donations_manager.donations WHERE DonorName="Michael Jones"
2024-03-18 12:03:01.541 [main] INFO  Donation - 

Gathering data for report for all donations by Donor: Willie J Smoots
2024-03-18 12:03:01.542 [main] INFO  Donation - Distribute(): Query: SELECT * FROM donations_manager.donations WHERE DonorName="Willie J Smoots"
2024-03-18 12:03:01.572 [main] INFO  Donation - 

Gathering data for report for all donations by Donor: Funny Duckling
2024-03-18 12:03:01.573 [main] INFO  Donation - Distribute(): Query: SELECT * FROM donations_manager.donations WHERE DonorName="Funny Duckling"
2024-03-18 12:03:01.591 [main] INFO  Donation - 

Gathering data for report for all donations by Donor: Gertrude Dux
2024-03-18 12:03:01.592 [main] INFO  Donation - Distribute(): Query: SELECT * FROM donations_manager.donations WHERE DonorName="Gertrude Dux"
2024-03-18 12:03:01.609 [main] INFO  Donation - 

Gathering data for report for all donations by Donor: Jeremiah L Books
2024-03-18 12:03:01.609 [main] INFO  Donation - Distribute(): Query: SELECT * FROM donations_manager.donations WHERE DonorName="Jeremiah L Books"
2024-03-18 12:03:01.631 [main] INFO  Donation - 

Gathering data for report for all donations by Donor: Earle S Grates
2024-03-18 12:03:01.633 [main] INFO  Donation - Distribute(): Query: SELECT * FROM donations_manager.donations WHERE DonorName="Earle S Grates"
2024-03-18 12:03:01.650 [main] INFO  Donation - 

Gathering data for report for all donations by Donor: John S Dewey
2024-03-18 12:03:01.651 [main] INFO  Donation - Distribute(): Query: SELECT * FROM donations_manager.donations WHERE DonorName="John S Dewey"
2024-03-18 12:03:01.686 [main] INFO  Donation - 

Gathering data for report for all donations by Donor: Jennifer Dowling
2024-03-18 12:03:01.687 [main] INFO  Donation - Distribute(): Query: SELECT * FROM donations_manager.donations WHERE DonorName="Jennifer Dowling"
2024-03-18 12:03:01.706 [main] INFO  Donation - 

Gathering data for report for all donations by Donor: Ed Foote
2024-03-18 12:03:01.707 [main] INFO  Donation - Distribute(): Query: SELECT * FROM donations_manager.donations WHERE DonorName="Ed Foote"
2024-03-18 12:03:01.729 [main] INFO  Donation - 

Gathering data for report for all donations by Donor: Scape E Goat
2024-03-18 12:03:01.730 [main] INFO  Donation - Distribute(): Query: SELECT * FROM donations_manager.donations WHERE DonorName="Scape E Goat"
2024-03-18 12:03:01.755 [main] INFO  Donation - 

Donor: Michelle Sonnenberg, 
Donations: [CLOTHING=750.0, MONEY=3000.0]
2024-03-18 12:03:01.756 [main] INFO  Donation - 

Donor: Wylie Coyote, 
Donations: [MONEY=1600.0, FOOD=2000.0]
2024-03-18 12:03:01.757 [main] INFO  Donation - 

Donor: Edward S Sweeney, 
Donations: [FOOD=9999.0, CLOTHING=1250.0]
2024-03-18 12:03:01.757 [main] INFO  Donation - 

Donor: Mike Dewey, 
Donations: [MISC=1000.0, MONEY=500.0]
2024-03-18 12:03:01.758 [main] INFO  Donation - 

Donor: Jerry Smith, 
Donations: [FOOD=1843.0, CLOTHING=740.0]
2024-03-18 12:03:01.758 [main] INFO  Donation - 

Donor: Michael Jones, 
Donations: [MONEY=4000.0, CLOTHING=335.0]
2024-03-18 12:03:01.758 [main] INFO  Donation - 

Donor: Willie J Smoots, 
Donations: [MISC=649.0, MONEY=3000.0]
2024-03-18 12:03:01.759 [main] INFO  Donation - 

Donor: Funny Duckling, 
Donations: [CLOTHING=1090.0, MISC=500.0]
2024-03-18 12:03:01.759 [main] INFO  Donation - 

Donor: Gertrude Dux, 
Donations: [CLOTHING=3500.0, MONEY=500.0]
2024-03-18 12:03:01.760 [main] INFO  Donation - 

Donor: Jeremiah L Books, 
Donations: [FOOD=2500.0, FOOD=300.0]
2024-03-18 12:03:01.760 [main] INFO  Donation - 

Donor: Earle S Grates, 
Donations: [MONEY=9000.0, MONEY=250.0]
2024-03-18 12:03:01.761 [main] INFO  Donation - 

Donor: John S Dewey, 
Donations: [MONEY=100.0, MONEY=1000.0]
2024-03-18 12:03:01.761 [main] INFO  Donation - 

Donor: Jennifer Dowling, 
Donations: [FOOD=3000.0, FOOD=400.0]
2024-03-18 12:03:01.762 [main] INFO  Donation - 

Donor: Ed Foote, 
Donations: [CLOTHING=999.0, MISC=450.0]
2024-03-18 12:03:01.762 [main] INFO  Donation - 

Donor: Scape E Goat, 
Donations: [MONEY=150.0, CLOTHING=800.0]
