2024-03-12 13:04:55.311 [main] INFO  Donation - Register(): Running query: INSERT INTO donations_manager.donations(DonorName,DonationType,DollarValue,Date,Remaining) values("John S. Dewey","MONEY",100.0,"2024-03-01T00:00",100.0)
2024-03-12 13:04:56.016 [main] INFO  Donation - Register query success? false
2024-03-12 13:04:56.017 [main] INFO  Donation - Register(): Running query: INSERT INTO donations_manager.donations(DonorName,DonationType,DollarValue,Date,Remaining) values("Michael  Jones","MONEY",4000.0,"2024-02-25T00:00",4000.0)
2024-03-12 13:04:56.063 [main] INFO  Donation - Register query success? false
2024-03-12 13:04:56.065 [main] INFO  Donation - Register(): Running query: INSERT INTO donations_manager.donations(DonorName,DonationType,DollarValue,Date,Remaining) values("Edward S Sweeney","FOOD",10000.0,"2024-01-01T00:00",10000.0)
2024-03-12 13:04:56.108 [main] INFO  Donation - Register query success? false
2024-03-12 13:04:56.110 [main] INFO  Donation - Register(): Running query: INSERT INTO donations_manager.donations(DonorName,DonationType,DollarValue,Date,Remaining) values("Michelle  Sonnenberg","CLOTHING",750.0,"2024-02-01T00:00",750.0)
2024-03-12 13:04:56.148 [main] INFO  Donation - Register query success? false
2024-03-12 13:04:56.151 [main] INFO  Donation - Register(): Running query: INSERT INTO donations_manager.donations(DonorName,DonationType,DollarValue,Date,Remaining) values("Gertrude  Dux","CLOTHING",3500.0,"2024-01-01T00:00",3500.0)
2024-03-12 13:04:56.185 [main] INFO  Donation - Register query success? false
2024-03-12 13:04:56.186 [main] INFO  Donation - Register(): Running query: INSERT INTO donations_manager.donations(DonorName,DonationType,DollarValue,Date,Remaining) values("Jeremiah L. Books","FOOD",2500.0,"2024-03-14T00:00",2500.0)
2024-03-12 13:04:56.225 [main] INFO  Donation - Register query success? false
2024-03-12 13:04:56.227 [main] INFO  Donation - Register(): Running query: INSERT INTO donations_manager.donations(DonorName,DonationType,DollarValue,Date,Remaining) values("Ed  Foote","CLOTHING",999.0,"2024-03-07T00:00",999.0)
2024-03-12 13:04:56.263 [main] INFO  Donation - Register query success? false
2024-03-12 13:04:56.264 [main] INFO  Donation - Register(): Running query: INSERT INTO donations_manager.donations(DonorName,DonationType,DollarValue,Date,Remaining) values("Wylie  Coyote","MONEY",1600.0,"2024-01-15T00:00",1600.0)
2024-03-12 13:04:56.292 [main] INFO  Donation - Register query success? false
2024-03-12 13:04:56.295 [main] INFO  Donation - Register(): Running query: INSERT INTO donations_manager.donations(DonorName,DonationType,DollarValue,Date,Remaining) values("Jennifer  Dowling","FOOD",3000.0,"2024-01-15T00:00",3000.0)
2024-03-12 13:04:56.322 [main] INFO  Donation - Register query success? false
2024-03-12 13:04:56.324 [main] INFO  Donation - Register(): Running query: INSERT INTO donations_manager.donations(DonorName,DonationType,DollarValue,Date,Remaining) values("Scape E. Goat","MONEY",150.0,"2024-03-02T00:00",150.0)
2024-03-12 13:04:56.391 [main] INFO  Donation - Register query success? false
2024-03-12 13:04:56.392 [main] INFO  Donation - Register(): Running query: INSERT INTO donations_manager.donations(DonorName,DonationType,DollarValue,Date,Remaining) values("Funny  Duckling","CLOTHING",1090.0,"2024-03-01T00:00",1090.0)
2024-03-12 13:04:56.426 [main] INFO  Donation - Register query success? false
2024-03-12 13:04:56.429 [main] INFO  Donation - Register(): Running query: INSERT INTO donations_manager.donations(DonorName,DonationType,DollarValue,Date,Remaining) values("Earle S. Grates","MONEY",10000.0,"2024-03-01T00:00",10000.0)
2024-03-12 13:04:56.465 [main] INFO  Donation - Register query success? false
2024-03-12 13:04:56.467 [main] INFO  Donation - Distribute(): Running query: SELECT * FROM donations_manager.donations WHERE DonationType="CLOTHING" AND Remaining >=244.2
2024-03-12 13:04:56.544 [main] INFO  Donation - Determine if sufficient funds exist - potential donations to select from: 
2024-03-12 13:04:56.546 [main] INFO  Donation - Candidate:
2024-03-12 13:04:56.561 [main] INFO  Donation - 	DonationType: CLOTHING
2024-03-12 13:04:56.568 [main] INFO  Donation - 	DonorName: Michelle  Sonnenberg
2024-03-12 13:04:56.571 [main] INFO  Donation - 	DollarValue: 750.00
2024-03-12 13:04:56.572 [main] INFO  Donation - 	ID: 269
2024-03-12 13:04:56.573 [main] INFO  Donation - 	Remaining: 505.80
2024-03-12 13:04:56.574 [main] INFO  Donation - 	Date: 2024-02-01T00:00
2024-03-12 13:04:56.581 [main] INFO  Donation - Candidate:
2024-03-12 13:04:56.582 [main] INFO  Donation - 	DonationType: CLOTHING
2024-03-12 13:04:56.587 [main] INFO  Donation - 	DonorName: Gertrude  Dux
2024-03-12 13:04:56.603 [main] INFO  Donation - 	DollarValue: 3500.00
2024-03-12 13:04:56.605 [main] INFO  Donation - 	ID: 270
2024-03-12 13:04:56.606 [main] INFO  Donation - 	Remaining: 300.00
2024-03-12 13:04:56.606 [main] INFO  Donation - 	Date: 2024-01-01T00:00
2024-03-12 13:04:56.607 [main] INFO  Donation - Candidate:
2024-03-12 13:04:56.612 [main] INFO  Donation - 	DonationType: CLOTHING
2024-03-12 13:04:56.614 [main] INFO  Donation - 	DonorName: Ed  Foote
2024-03-12 13:04:56.615 [main] INFO  Donation - 	DollarValue: 999.00
2024-03-12 13:04:56.616 [main] INFO  Donation - 	ID: 272
2024-03-12 13:04:56.616 [main] INFO  Donation - 	Remaining: 999.00
2024-03-12 13:04:56.617 [main] INFO  Donation - 	Date: 2024-03-07T00:00
2024-03-12 13:04:56.617 [main] INFO  Donation - Candidate:
2024-03-12 13:04:56.618 [main] INFO  Donation - 	DonationType: CLOTHING
2024-03-12 13:04:56.619 [main] INFO  Donation - 	DonorName: Funny  Duckling
2024-03-12 13:04:56.624 [main] INFO  Donation - 	DollarValue: 1090.00
2024-03-12 13:04:56.629 [main] INFO  Donation - 	ID: 276
2024-03-12 13:04:56.631 [main] INFO  Donation - 	Remaining: 1090.00
2024-03-12 13:04:56.632 [main] INFO  Donation - 	Date: 2024-03-01T00:00
2024-03-12 13:04:56.633 [main] INFO  Donation - Candidate:
2024-03-12 13:04:56.633 [main] INFO  Donation - 	DonationType: CLOTHING
2024-03-12 13:04:56.634 [main] INFO  Donation - 	DonorName: Michelle  Sonnenberg
2024-03-12 13:04:56.634 [main] INFO  Donation - 	DollarValue: 750.00
2024-03-12 13:04:56.635 [main] INFO  Donation - 	ID: 281
2024-03-12 13:04:56.635 [main] INFO  Donation - 	Remaining: 750.00
2024-03-12 13:04:56.635 [main] INFO  Donation - 	Date: 2024-02-01T00:00
2024-03-12 13:04:56.636 [main] INFO  Donation - Candidate:
2024-03-12 13:04:56.637 [main] INFO  Donation - 	DonationType: CLOTHING
2024-03-12 13:04:56.637 [main] INFO  Donation - 	DonorName: Gertrude  Dux
2024-03-12 13:04:56.638 [main] INFO  Donation - 	DollarValue: 3500.00
2024-03-12 13:04:56.638 [main] INFO  Donation - 	ID: 282
2024-03-12 13:04:56.638 [main] INFO  Donation - 	Remaining: 300.00
2024-03-12 13:04:56.639 [main] INFO  Donation - 	Date: 2024-01-01T00:00
2024-03-12 13:04:56.639 [main] INFO  Donation - Candidate:
2024-03-12 13:04:56.639 [main] INFO  Donation - 	DonationType: CLOTHING
2024-03-12 13:04:56.640 [main] INFO  Donation - 	DonorName: Ed  Foote
2024-03-12 13:04:56.640 [main] INFO  Donation - 	DollarValue: 999.00
2024-03-12 13:04:56.641 [main] INFO  Donation - 	ID: 284
2024-03-12 13:04:56.643 [main] INFO  Donation - 	Remaining: 999.00
2024-03-12 13:04:56.645 [main] INFO  Donation - 	Date: 2024-03-07T00:00
2024-03-12 13:04:56.646 [main] INFO  Donation - Candidate:
2024-03-12 13:04:56.648 [main] INFO  Donation - 	DonationType: CLOTHING
2024-03-12 13:04:56.648 [main] INFO  Donation - 	DonorName: Funny  Duckling
2024-03-12 13:04:56.648 [main] INFO  Donation - 	DollarValue: 1090.00
2024-03-12 13:04:56.649 [main] INFO  Donation - 	ID: 288
2024-03-12 13:04:56.649 [main] INFO  Donation - 	Remaining: 1090.00
2024-03-12 13:04:56.650 [main] INFO  Donation - 	Date: 2024-03-01T00:00
2024-03-12 13:04:56.650 [main] INFO  Donation - Candidate:
2024-03-12 13:04:56.650 [main] INFO  Donation - 	DonationType: CLOTHING
2024-03-12 13:04:56.650 [main] INFO  Donation - 	DonorName: Michelle  Sonnenberg
2024-03-12 13:04:56.651 [main] INFO  Donation - 	DollarValue: 750.00
2024-03-12 13:04:56.651 [main] INFO  Donation - 	ID: 293
2024-03-12 13:04:56.652 [main] INFO  Donation - 	Remaining: 750.00
2024-03-12 13:04:56.652 [main] INFO  Donation - 	Date: 2024-02-01T00:00
2024-03-12 13:04:56.653 [main] INFO  Donation - Candidate:
2024-03-12 13:04:56.654 [main] INFO  Donation - 	DonationType: CLOTHING
2024-03-12 13:04:56.654 [main] INFO  Donation - 	DonorName: Gertrude  Dux
2024-03-12 13:04:56.654 [main] INFO  Donation - 	DollarValue: 3500.00
2024-03-12 13:04:56.655 [main] INFO  Donation - 	ID: 294
2024-03-12 13:04:56.655 [main] INFO  Donation - 	Remaining: 300.00
2024-03-12 13:04:56.655 [main] INFO  Donation - 	Date: 2024-01-01T00:00
2024-03-12 13:04:56.656 [main] INFO  Donation - Candidate:
2024-03-12 13:04:56.657 [main] INFO  Donation - 	DonationType: CLOTHING
2024-03-12 13:04:56.657 [main] INFO  Donation - 	DonorName: Ed  Foote
2024-03-12 13:04:56.659 [main] INFO  Donation - 	DollarValue: 999.00
2024-03-12 13:04:56.660 [main] INFO  Donation - 	ID: 296
2024-03-12 13:04:56.663 [main] INFO  Donation - 	Remaining: 999.00
2024-03-12 13:04:56.664 [main] INFO  Donation - 	Date: 2024-03-07T00:00
2024-03-12 13:04:56.664 [main] INFO  Donation - Candidate:
2024-03-12 13:04:56.665 [main] INFO  Donation - 	DonationType: CLOTHING
2024-03-12 13:04:56.665 [main] INFO  Donation - 	DonorName: Funny  Duckling
2024-03-12 13:04:56.665 [main] INFO  Donation - 	DollarValue: 1090.00
2024-03-12 13:04:56.666 [main] INFO  Donation - 	ID: 300
2024-03-12 13:04:56.666 [main] INFO  Donation - 	Remaining: 1090.00
2024-03-12 13:04:56.666 [main] INFO  Donation - 	Date: 2024-03-01T00:00
2024-03-12 13:04:56.667 [main] INFO  Donation - Candidate:
2024-03-12 13:04:56.667 [main] INFO  Donation - 	DonationType: CLOTHING
2024-03-12 13:04:56.668 [main] INFO  Donation - 	DonorName: Michelle  Sonnenberg
2024-03-12 13:04:56.668 [main] INFO  Donation - 	DollarValue: 750.00
2024-03-12 13:04:56.669 [main] INFO  Donation - 	ID: 305
2024-03-12 13:04:56.669 [main] INFO  Donation - 	Remaining: 750.00
2024-03-12 13:04:56.670 [main] INFO  Donation - 	Date: 2024-02-01T00:00
2024-03-12 13:04:56.670 [main] INFO  Donation - Candidate:
2024-03-12 13:04:56.670 [main] INFO  Donation - 	DonationType: CLOTHING
2024-03-12 13:04:56.671 [main] INFO  Donation - 	DonorName: Gertrude  Dux
2024-03-12 13:04:56.671 [main] INFO  Donation - 	DollarValue: 3500.00
2024-03-12 13:04:56.671 [main] INFO  Donation - 	ID: 306
2024-03-12 13:04:56.672 [main] INFO  Donation - 	Remaining: 1900.00
2024-03-12 13:04:56.672 [main] INFO  Donation - 	Date: 2024-01-01T00:00
2024-03-12 13:04:56.672 [main] INFO  Donation - Candidate:
2024-03-12 13:04:56.673 [main] INFO  Donation - 	DonationType: CLOTHING
2024-03-12 13:04:56.674 [main] INFO  Donation - 	DonorName: Ed  Foote
2024-03-12 13:04:56.674 [main] INFO  Donation - 	DollarValue: 999.00
2024-03-12 13:04:56.679 [main] INFO  Donation - 	ID: 308
2024-03-12 13:04:56.680 [main] INFO  Donation - 	Remaining: 999.00
2024-03-12 13:04:56.681 [main] INFO  Donation - 	Date: 2024-03-07T00:00
2024-03-12 13:04:56.681 [main] INFO  Donation - Candidate:
2024-03-12 13:04:56.681 [main] INFO  Donation - 	DonationType: CLOTHING
2024-03-12 13:04:56.682 [main] INFO  Donation - 	DonorName: Funny  Duckling
2024-03-12 13:04:56.682 [main] INFO  Donation - 	DollarValue: 1090.00
2024-03-12 13:04:56.682 [main] INFO  Donation - 	ID: 312
2024-03-12 13:04:56.683 [main] INFO  Donation - 	Remaining: 1090.00
2024-03-12 13:04:56.683 [main] INFO  Donation - 	Date: 2024-03-01T00:00
2024-03-12 13:04:56.684 [main] INFO  Donation - Candidate:
2024-03-12 13:04:56.684 [main] INFO  Donation - 	DonationType: CLOTHING
2024-03-12 13:04:56.685 [main] INFO  Donation - 	DonorName: Michelle  Sonnenberg
2024-03-12 13:04:56.685 [main] INFO  Donation - 	DollarValue: 750.00
2024-03-12 13:04:56.685 [main] INFO  Donation - 	ID: 317
2024-03-12 13:04:56.686 [main] INFO  Donation - 	Remaining: 750.00
2024-03-12 13:04:56.686 [main] INFO  Donation - 	Date: 2024-02-01T00:00
2024-03-12 13:04:56.687 [main] INFO  Donation - Candidate:
2024-03-12 13:04:56.687 [main] INFO  Donation - 	DonationType: CLOTHING
2024-03-12 13:04:56.687 [main] INFO  Donation - 	DonorName: Gertrude  Dux
2024-03-12 13:04:56.687 [main] INFO  Donation - 	DollarValue: 3500.00
2024-03-12 13:04:56.688 [main] INFO  Donation - 	ID: 318
2024-03-12 13:04:56.688 [main] INFO  Donation - 	Remaining: 3500.00
2024-03-12 13:04:56.689 [main] INFO  Donation - 	Date: 2024-01-01T00:00
2024-03-12 13:04:56.689 [main] INFO  Donation - Candidate:
2024-03-12 13:04:56.689 [main] INFO  Donation - 	DonationType: CLOTHING
2024-03-12 13:04:56.690 [main] INFO  Donation - 	DonorName: Ed  Foote
2024-03-12 13:04:56.690 [main] INFO  Donation - 	DollarValue: 999.00
2024-03-12 13:04:56.691 [main] INFO  Donation - 	ID: 320
2024-03-12 13:04:56.691 [main] INFO  Donation - 	Remaining: 999.00
2024-03-12 13:04:56.693 [main] INFO  Donation - 	Date: 2024-03-07T00:00
2024-03-12 13:04:56.694 [main] INFO  Donation - Candidate:
2024-03-12 13:04:56.695 [main] INFO  Donation - 	DonationType: CLOTHING
2024-03-12 13:04:56.695 [main] INFO  Donation - 	DonorName: Funny  Duckling
2024-03-12 13:04:56.696 [main] INFO  Donation - 	DollarValue: 1090.00
2024-03-12 13:04:56.697 [main] INFO  Donation - 	ID: 324
2024-03-12 13:04:56.698 [main] INFO  Donation - 	Remaining: 1090.00
2024-03-12 13:04:56.698 [main] INFO  Donation - 	Date: 2024-03-01T00:00
2024-03-12 13:04:56.700 [main] INFO  Donation - Candidate:
2024-03-12 13:04:56.701 [main] INFO  Donation - 	DonationType: CLOTHING
2024-03-12 13:04:56.701 [main] INFO  Donation - 	DonorName: Michelle  Sonnenberg
2024-03-12 13:04:56.702 [main] INFO  Donation - 	DollarValue: 750.00
2024-03-12 13:04:56.702 [main] INFO  Donation - 	ID: 329
2024-03-12 13:04:56.702 [main] INFO  Donation - 	Remaining: 750.00
2024-03-12 13:04:56.703 [main] INFO  Donation - 	Date: 2024-02-01T00:00
2024-03-12 13:04:56.703 [main] INFO  Donation - Candidate:
2024-03-12 13:04:56.704 [main] INFO  Donation - 	DonationType: CLOTHING
2024-03-12 13:04:56.704 [main] INFO  Donation - 	DonorName: Gertrude  Dux
2024-03-12 13:04:56.705 [main] INFO  Donation - 	DollarValue: 3500.00
2024-03-12 13:04:56.705 [main] INFO  Donation - 	ID: 330
2024-03-12 13:04:56.705 [main] INFO  Donation - 	Remaining: 3500.00
2024-03-12 13:04:56.706 [main] INFO  Donation - 	Date: 2024-01-01T00:00
2024-03-12 13:04:56.706 [main] INFO  Donation - Candidate:
2024-03-12 13:04:56.706 [main] INFO  Donation - 	DonationType: CLOTHING
2024-03-12 13:04:56.707 [main] INFO  Donation - 	DonorName: Ed  Foote
2024-03-12 13:04:56.707 [main] INFO  Donation - 	DollarValue: 999.00
2024-03-12 13:04:56.707 [main] INFO  Donation - 	ID: 332
2024-03-12 13:04:56.708 [main] INFO  Donation - 	Remaining: 999.00
2024-03-12 13:04:56.709 [main] INFO  Donation - 	Date: 2024-03-07T00:00
2024-03-12 13:04:56.711 [main] INFO  Donation - Candidate:
2024-03-12 13:04:56.712 [main] INFO  Donation - 	DonationType: CLOTHING
2024-03-12 13:04:56.712 [main] INFO  Donation - 	DonorName: Funny  Duckling
2024-03-12 13:04:56.713 [main] INFO  Donation - 	DollarValue: 1090.00
2024-03-12 13:04:56.713 [main] INFO  Donation - 	ID: 336
2024-03-12 13:04:56.714 [main] INFO  Donation - 	Remaining: 1090.00
2024-03-12 13:04:56.715 [main] INFO  Donation - 	Date: 2024-03-01T00:00
2024-03-12 13:04:56.715 [main] INFO  Donation - Candidate:
2024-03-12 13:04:56.715 [main] INFO  Donation - 	DonationType: CLOTHING
2024-03-12 13:04:56.716 [main] INFO  Donation - 	DonorName: Michelle  Sonnenberg
2024-03-12 13:04:56.716 [main] INFO  Donation - 	DollarValue: 750.00
2024-03-12 13:04:56.716 [main] INFO  Donation - 	ID: 341
2024-03-12 13:04:56.717 [main] INFO  Donation - 	Remaining: 750.00
2024-03-12 13:04:56.717 [main] INFO  Donation - 	Date: 2024-02-01T00:00
2024-03-12 13:04:56.717 [main] INFO  Donation - Candidate:
2024-03-12 13:04:56.717 [main] INFO  Donation - 	DonationType: CLOTHING
2024-03-12 13:04:56.718 [main] INFO  Donation - 	DonorName: Gertrude  Dux
2024-03-12 13:04:56.718 [main] INFO  Donation - 	DollarValue: 3500.00
2024-03-12 13:04:56.719 [main] INFO  Donation - 	ID: 342
2024-03-12 13:04:56.720 [main] INFO  Donation - 	Remaining: 3500.00
2024-03-12 13:04:56.720 [main] INFO  Donation - 	Date: 2024-01-01T00:00
2024-03-12 13:04:56.720 [main] INFO  Donation - Candidate:
2024-03-12 13:04:56.721 [main] INFO  Donation - 	DonationType: CLOTHING
2024-03-12 13:04:56.721 [main] INFO  Donation - 	DonorName: Ed  Foote
2024-03-12 13:04:56.722 [main] INFO  Donation - 	DollarValue: 999.00
2024-03-12 13:04:56.722 [main] INFO  Donation - 	ID: 344
2024-03-12 13:04:56.723 [main] INFO  Donation - 	Remaining: 999.00
2024-03-12 13:04:56.724 [main] INFO  Donation - 	Date: 2024-03-07T00:00
2024-03-12 13:04:56.726 [main] INFO  Donation - Candidate:
2024-03-12 13:04:56.728 [main] INFO  Donation - 	DonationType: CLOTHING
2024-03-12 13:04:56.729 [main] INFO  Donation - 	DonorName: Funny  Duckling
2024-03-12 13:04:56.730 [main] INFO  Donation - 	DollarValue: 1090.00
2024-03-12 13:04:56.730 [main] INFO  Donation - 	ID: 348
2024-03-12 13:04:56.730 [main] INFO  Donation - 	Remaining: 1090.00
2024-03-12 13:04:56.731 [main] INFO  Donation - 	Date: 2024-03-01T00:00
2024-03-12 13:04:56.731 [main] INFO  Donation - Candidate:
2024-03-12 13:04:56.731 [main] INFO  Donation - 	DonationType: CLOTHING
2024-03-12 13:04:56.731 [main] INFO  Donation - 	DonorName: Michelle  Sonnenberg
2024-03-12 13:04:56.732 [main] INFO  Donation - 	DollarValue: 750.00
2024-03-12 13:04:56.732 [main] INFO  Donation - 	ID: 353
2024-03-12 13:04:56.732 [main] INFO  Donation - 	Remaining: 750.00
2024-03-12 13:04:56.733 [main] INFO  Donation - 	Date: 2024-02-01T00:00
2024-03-12 13:04:56.733 [main] INFO  Donation - Candidate:
2024-03-12 13:04:56.733 [main] INFO  Donation - 	DonationType: CLOTHING
2024-03-12 13:04:56.733 [main] INFO  Donation - 	DonorName: Gertrude  Dux
2024-03-12 13:04:56.734 [main] INFO  Donation - 	DollarValue: 3500.00
2024-03-12 13:04:56.734 [main] INFO  Donation - 	ID: 354
2024-03-12 13:04:56.734 [main] INFO  Donation - 	Remaining: 3500.00
2024-03-12 13:04:56.735 [main] INFO  Donation - 	Date: 2024-01-01T00:00
2024-03-12 13:04:56.735 [main] INFO  Donation - Candidate:
2024-03-12 13:04:56.736 [main] INFO  Donation - 	DonationType: CLOTHING
2024-03-12 13:04:56.736 [main] INFO  Donation - 	DonorName: Ed  Foote
2024-03-12 13:04:56.736 [main] INFO  Donation - 	DollarValue: 999.00
2024-03-12 13:04:56.737 [main] INFO  Donation - 	ID: 356
2024-03-12 13:04:56.737 [main] INFO  Donation - 	Remaining: 999.00
2024-03-12 13:04:56.738 [main] INFO  Donation - 	Date: 2024-03-07T00:00
2024-03-12 13:04:56.740 [main] INFO  Donation - Candidate:
2024-03-12 13:04:56.740 [main] INFO  Donation - 	DonationType: CLOTHING
2024-03-12 13:04:56.740 [main] INFO  Donation - 	DonorName: Funny  Duckling
2024-03-12 13:04:56.741 [main] INFO  Donation - 	DollarValue: 1090.00
2024-03-12 13:04:56.742 [main] INFO  Donation - 	ID: 360
2024-03-12 13:04:56.742 [main] INFO  Donation - 	Remaining: 1090.00
2024-03-12 13:04:56.743 [main] INFO  Donation - 	Date: 2024-03-01T00:00
2024-03-12 13:04:56.743 [main] INFO  Donation - Candidate:
2024-03-12 13:04:56.744 [main] INFO  Donation - 	DonationType: CLOTHING
2024-03-12 13:04:56.744 [main] INFO  Donation - 	DonorName: Michelle  Sonnenberg
2024-03-12 13:04:56.744 [main] INFO  Donation - 	DollarValue: 750.00
2024-03-12 13:04:56.746 [main] INFO  Donation - 	ID: 365
2024-03-12 13:04:56.746 [main] INFO  Donation - 	Remaining: 750.00
2024-03-12 13:04:56.749 [main] INFO  Donation - 	Date: 2024-02-01T00:00
2024-03-12 13:04:56.753 [main] INFO  Donation - Candidate:
2024-03-12 13:04:56.753 [main] INFO  Donation - 	DonationType: CLOTHING
2024-03-12 13:04:56.754 [main] INFO  Donation - 	DonorName: Gertrude  Dux
2024-03-12 13:04:56.754 [main] INFO  Donation - 	DollarValue: 3500.00
2024-03-12 13:04:56.754 [main] INFO  Donation - 	ID: 366
2024-03-12 13:04:56.755 [main] INFO  Donation - 	Remaining: 3500.00
2024-03-12 13:04:56.755 [main] INFO  Donation - 	Date: 2024-01-01T00:00
2024-03-12 13:04:56.755 [main] INFO  Donation - Candidate:
2024-03-12 13:04:56.755 [main] INFO  Donation - 	DonationType: CLOTHING
2024-03-12 13:04:56.756 [main] INFO  Donation - 	DonorName: Ed  Foote
2024-03-12 13:04:56.756 [main] INFO  Donation - 	DollarValue: 999.00
2024-03-12 13:04:56.756 [main] INFO  Donation - 	ID: 368
2024-03-12 13:04:56.756 [main] INFO  Donation - 	Remaining: 999.00
2024-03-12 13:04:56.757 [main] INFO  Donation - 	Date: 2024-03-07T00:00
2024-03-12 13:04:56.757 [main] INFO  Donation - Candidate:
2024-03-12 13:04:56.758 [main] INFO  Donation - 	DonationType: CLOTHING
2024-03-12 13:04:56.760 [main] INFO  Donation - 	DonorName: Funny  Duckling
2024-03-12 13:04:56.761 [main] INFO  Donation - 	DollarValue: 1090.00
2024-03-12 13:04:56.761 [main] INFO  Donation - 	ID: 372
2024-03-12 13:04:56.762 [main] INFO  Donation - 	Remaining: 1090.00
2024-03-12 13:04:56.763 [main] INFO  Donation - 	Date: 2024-03-01T00:00
2024-03-12 13:04:56.764 [main] INFO  Donation - Candidate:
2024-03-12 13:04:56.764 [main] INFO  Donation - 	DonationType: CLOTHING
2024-03-12 13:04:56.764 [main] INFO  Donation - 	DonorName: Michelle  Sonnenberg
2024-03-12 13:04:56.765 [main] INFO  Donation - 	DollarValue: 750.00
2024-03-12 13:04:56.766 [main] INFO  Donation - 	ID: 377
2024-03-12 13:04:56.766 [main] INFO  Donation - 	Remaining: 750.00
2024-03-12 13:04:56.766 [main] INFO  Donation - 	Date: 2024-02-01T00:00
2024-03-12 13:04:56.767 [main] INFO  Donation - Candidate:
2024-03-12 13:04:56.767 [main] INFO  Donation - 	DonationType: CLOTHING
2024-03-12 13:04:56.767 [main] INFO  Donation - 	DonorName: Gertrude  Dux
2024-03-12 13:04:56.768 [main] INFO  Donation - 	DollarValue: 3500.00
2024-03-12 13:04:56.768 [main] INFO  Donation - 	ID: 378
2024-03-12 13:04:56.768 [main] INFO  Donation - 	Remaining: 3500.00
2024-03-12 13:04:56.769 [main] INFO  Donation - 	Date: 2024-01-01T00:00
2024-03-12 13:04:56.770 [main] INFO  Donation - Candidate:
2024-03-12 13:04:56.770 [main] INFO  Donation - 	DonationType: CLOTHING
2024-03-12 13:04:56.770 [main] INFO  Donation - 	DonorName: Ed  Foote
2024-03-12 13:04:56.771 [main] INFO  Donation - 	DollarValue: 999.00
2024-03-12 13:04:56.771 [main] INFO  Donation - 	ID: 380
2024-03-12 13:04:56.772 [main] INFO  Donation - 	Remaining: 999.00
2024-03-12 13:04:56.774 [main] INFO  Donation - 	Date: 2024-03-07T00:00
2024-03-12 13:04:56.774 [main] INFO  Donation - Candidate:
2024-03-12 13:04:56.774 [main] INFO  Donation - 	DonationType: CLOTHING
2024-03-12 13:04:56.776 [main] INFO  Donation - 	DonorName: Funny  Duckling
2024-03-12 13:04:56.777 [main] INFO  Donation - 	DollarValue: 1090.00
2024-03-12 13:04:56.778 [main] INFO  Donation - 	ID: 384
2024-03-12 13:04:56.779 [main] INFO  Donation - 	Remaining: 1090.00
2024-03-12 13:04:56.779 [main] INFO  Donation - 	Date: 2024-03-01T00:00
2024-03-12 13:04:56.780 [main] INFO  Donation - Candidate:
2024-03-12 13:04:56.780 [main] INFO  Donation - 	DonationType: CLOTHING
2024-03-12 13:04:56.780 [main] INFO  Donation - 	DonorName: Michelle  Sonnenberg
2024-03-12 13:04:56.781 [main] INFO  Donation - 	DollarValue: 750.00
2024-03-12 13:04:56.781 [main] INFO  Donation - 	ID: 389
2024-03-12 13:04:56.782 [main] INFO  Donation - 	Remaining: 750.00
2024-03-12 13:04:56.782 [main] INFO  Donation - 	Date: 2024-02-01T00:00
2024-03-12 13:04:56.782 [main] INFO  Donation - Candidate:
2024-03-12 13:04:56.783 [main] INFO  Donation - 	DonationType: CLOTHING
2024-03-12 13:04:56.783 [main] INFO  Donation - 	DonorName: Gertrude  Dux
2024-03-12 13:04:56.783 [main] INFO  Donation - 	DollarValue: 3500.00
2024-03-12 13:04:56.784 [main] INFO  Donation - 	ID: 390
2024-03-12 13:04:56.784 [main] INFO  Donation - 	Remaining: 3500.00
2024-03-12 13:04:56.784 [main] INFO  Donation - 	Date: 2024-01-01T00:00
2024-03-12 13:04:56.785 [main] INFO  Donation - Candidate:
2024-03-12 13:04:56.786 [main] INFO  Donation - 	DonationType: CLOTHING
2024-03-12 13:04:56.786 [main] INFO  Donation - 	DonorName: Ed  Foote
2024-03-12 13:04:56.787 [main] INFO  Donation - 	DollarValue: 999.00
2024-03-12 13:04:56.787 [main] INFO  Donation - 	ID: 392
2024-03-12 13:04:56.787 [main] INFO  Donation - 	Remaining: 999.00
2024-03-12 13:04:56.788 [main] INFO  Donation - 	Date: 2024-03-07T00:00
2024-03-12 13:04:56.788 [main] INFO  Donation - Candidate:
2024-03-12 13:04:56.788 [main] INFO  Donation - 	DonationType: CLOTHING
2024-03-12 13:04:56.788 [main] INFO  Donation - 	DonorName: Funny  Duckling
2024-03-12 13:04:56.790 [main] INFO  Donation - 	DollarValue: 1090.00
2024-03-12 13:04:56.790 [main] INFO  Donation - 	ID: 396
2024-03-12 13:04:56.790 [main] INFO  Donation - 	Remaining: 1090.00
2024-03-12 13:04:56.791 [main] INFO  Donation - 	Date: 2024-03-01T00:00
2024-03-12 13:04:56.791 [main] INFO  Donation - Candidate:
2024-03-12 13:04:56.795 [main] INFO  Donation - 	DonationType: CLOTHING
2024-03-12 13:04:56.796 [main] INFO  Donation - 	DonorName: Michelle  Sonnenberg
2024-03-12 13:04:56.797 [main] INFO  Donation - 	DollarValue: 750.00
2024-03-12 13:04:56.797 [main] INFO  Donation - 	ID: 401
2024-03-12 13:04:56.797 [main] INFO  Donation - 	Remaining: 750.00
2024-03-12 13:04:56.798 [main] INFO  Donation - 	Date: 2024-02-01T00:00
2024-03-12 13:04:56.798 [main] INFO  Donation - Candidate:
2024-03-12 13:04:56.799 [main] INFO  Donation - 	DonationType: CLOTHING
2024-03-12 13:04:56.799 [main] INFO  Donation - 	DonorName: Gertrude  Dux
2024-03-12 13:04:56.799 [main] INFO  Donation - 	DollarValue: 3500.00
2024-03-12 13:04:56.800 [main] INFO  Donation - 	ID: 402
2024-03-12 13:04:56.800 [main] INFO  Donation - 	Remaining: 3500.00
2024-03-12 13:04:56.800 [main] INFO  Donation - 	Date: 2024-01-01T00:00
2024-03-12 13:04:56.801 [main] INFO  Donation - Candidate:
2024-03-12 13:04:56.801 [main] INFO  Donation - 	DonationType: CLOTHING
2024-03-12 13:04:56.801 [main] INFO  Donation - 	DonorName: Ed  Foote
2024-03-12 13:04:56.802 [main] INFO  Donation - 	DollarValue: 999.00
2024-03-12 13:04:56.802 [main] INFO  Donation - 	ID: 404
2024-03-12 13:04:56.803 [main] INFO  Donation - 	Remaining: 999.00
2024-03-12 13:04:56.803 [main] INFO  Donation - 	Date: 2024-03-07T00:00
2024-03-12 13:04:56.803 [main] INFO  Donation - Candidate:
2024-03-12 13:04:56.804 [main] INFO  Donation - 	DonationType: CLOTHING
2024-03-12 13:04:56.804 [main] INFO  Donation - 	DonorName: Funny  Duckling
2024-03-12 13:04:56.804 [main] INFO  Donation - 	DollarValue: 1090.00
2024-03-12 13:04:56.806 [main] INFO  Donation - 	ID: 408
2024-03-12 13:04:56.807 [main] INFO  Donation - 	Remaining: 1090.00
2024-03-12 13:04:56.807 [main] INFO  Donation - 	Date: 2024-03-01T00:00
2024-03-12 13:04:56.807 [main] INFO  Donation - Candidate:
2024-03-12 13:04:56.808 [main] INFO  Donation - 	DonationType: CLOTHING
2024-03-12 13:04:56.812 [main] INFO  Donation - 	DonorName: Michelle  Sonnenberg
2024-03-12 13:04:56.813 [main] INFO  Donation - 	DollarValue: 750.00
2024-03-12 13:04:56.814 [main] INFO  Donation - 	ID: 413
2024-03-12 13:04:56.814 [main] INFO  Donation - 	Remaining: 750.00
2024-03-12 13:04:56.814 [main] INFO  Donation - 	Date: 2024-02-01T00:00
2024-03-12 13:04:56.815 [main] INFO  Donation - Candidate:
2024-03-12 13:04:56.815 [main] INFO  Donation - 	DonationType: CLOTHING
2024-03-12 13:04:56.815 [main] INFO  Donation - 	DonorName: Gertrude  Dux
2024-03-12 13:04:56.816 [main] INFO  Donation - 	DollarValue: 3500.00
2024-03-12 13:04:56.816 [main] INFO  Donation - 	ID: 414
2024-03-12 13:04:56.816 [main] INFO  Donation - 	Remaining: 3500.00
2024-03-12 13:04:56.817 [main] INFO  Donation - 	Date: 2024-01-01T00:00
2024-03-12 13:04:56.817 [main] INFO  Donation - Candidate:
2024-03-12 13:04:56.817 [main] INFO  Donation - 	DonationType: CLOTHING
2024-03-12 13:04:56.817 [main] INFO  Donation - 	DonorName: Ed  Foote
2024-03-12 13:04:56.818 [main] INFO  Donation - 	DollarValue: 999.00
2024-03-12 13:04:56.818 [main] INFO  Donation - 	ID: 416
2024-03-12 13:04:56.819 [main] INFO  Donation - 	Remaining: 999.00
2024-03-12 13:04:56.819 [main] INFO  Donation - 	Date: 2024-03-07T00:00
2024-03-12 13:04:56.820 [main] INFO  Donation - Candidate:
2024-03-12 13:04:56.820 [main] INFO  Donation - 	DonationType: CLOTHING
2024-03-12 13:04:56.820 [main] INFO  Donation - 	DonorName: Funny  Duckling
2024-03-12 13:04:56.820 [main] INFO  Donation - 	DollarValue: 1090.00
2024-03-12 13:04:56.821 [main] INFO  Donation - 	ID: 420
2024-03-12 13:04:56.821 [main] INFO  Donation - 	Remaining: 1090.00
2024-03-12 13:04:56.821 [main] INFO  Donation - 	Date: 2024-03-01T00:00
2024-03-12 13:04:56.822 [main] INFO  Donation - Candidate:
2024-03-12 13:04:56.822 [main] INFO  Donation - 	DonationType: CLOTHING
2024-03-12 13:04:56.822 [main] INFO  Donation - 	DonorName: Michelle  Sonnenberg
2024-03-12 13:04:56.822 [main] INFO  Donation - 	DollarValue: 750.00
2024-03-12 13:04:56.822 [main] INFO  Donation - 	ID: 425
2024-03-12 13:04:56.823 [main] INFO  Donation - 	Remaining: 750.00
2024-03-12 13:04:56.823 [main] INFO  Donation - 	Date: 2024-02-01T00:00
2024-03-12 13:04:56.823 [main] INFO  Donation - Candidate:
2024-03-12 13:04:56.823 [main] INFO  Donation - 	DonationType: CLOTHING
2024-03-12 13:04:56.824 [main] INFO  Donation - 	DonorName: Gertrude  Dux
2024-03-12 13:04:56.824 [main] INFO  Donation - 	DollarValue: 3500.00
2024-03-12 13:04:56.824 [main] INFO  Donation - 	ID: 426
2024-03-12 13:04:56.828 [main] INFO  Donation - 	Remaining: 3500.00
2024-03-12 13:04:56.829 [main] INFO  Donation - 	Date: 2024-01-01T00:00
2024-03-12 13:04:56.829 [main] INFO  Donation - Candidate:
2024-03-12 13:04:56.829 [main] INFO  Donation - 	DonationType: CLOTHING
2024-03-12 13:04:56.830 [main] INFO  Donation - 	DonorName: Ed  Foote
2024-03-12 13:04:56.830 [main] INFO  Donation - 	DollarValue: 999.00
2024-03-12 13:04:56.830 [main] INFO  Donation - 	ID: 428
2024-03-12 13:04:56.830 [main] INFO  Donation - 	Remaining: 999.00
2024-03-12 13:04:56.831 [main] INFO  Donation - 	Date: 2024-03-07T00:00
2024-03-12 13:04:56.831 [main] INFO  Donation - Candidate:
2024-03-12 13:04:56.831 [main] INFO  Donation - 	DonationType: CLOTHING
2024-03-12 13:04:56.831 [main] INFO  Donation - 	DonorName: Funny  Duckling
2024-03-12 13:04:56.832 [main] INFO  Donation - 	DollarValue: 1090.00
2024-03-12 13:04:56.832 [main] INFO  Donation - 	ID: 432
2024-03-12 13:04:56.832 [main] INFO  Donation - 	Remaining: 1090.00
2024-03-12 13:04:56.832 [main] INFO  Donation - 	Date: 2024-03-01T00:00
2024-03-12 13:04:56.833 [main] INFO  Donation - Candidate:
2024-03-12 13:04:56.833 [main] INFO  Donation - 	DonationType: CLOTHING
2024-03-12 13:04:56.833 [main] INFO  Donation - 	DonorName: Michelle  Sonnenberg
2024-03-12 13:04:56.833 [main] INFO  Donation - 	DollarValue: 750.00
2024-03-12 13:04:56.834 [main] INFO  Donation - 	ID: 437
2024-03-12 13:04:56.834 [main] INFO  Donation - 	Remaining: 750.00
2024-03-12 13:04:56.834 [main] INFO  Donation - 	Date: 2024-02-01T00:00
2024-03-12 13:04:56.834 [main] INFO  Donation - Candidate:
2024-03-12 13:04:56.835 [main] INFO  Donation - 	DonationType: CLOTHING
2024-03-12 13:04:56.835 [main] INFO  Donation - 	DonorName: Gertrude  Dux
2024-03-12 13:04:56.835 [main] INFO  Donation - 	DollarValue: 3500.00
2024-03-12 13:04:56.836 [main] INFO  Donation - 	ID: 438
2024-03-12 13:04:56.836 [main] INFO  Donation - 	Remaining: 3500.00
2024-03-12 13:04:56.837 [main] INFO  Donation - 	Date: 2024-01-01T00:00
2024-03-12 13:04:56.837 [main] INFO  Donation - Candidate:
2024-03-12 13:04:56.837 [main] INFO  Donation - 	DonationType: CLOTHING
2024-03-12 13:04:56.837 [main] INFO  Donation - 	DonorName: Ed  Foote
2024-03-12 13:04:56.838 [main] INFO  Donation - 	DollarValue: 999.00
2024-03-12 13:04:56.839 [main] INFO  Donation - 	ID: 440
2024-03-12 13:04:56.839 [main] INFO  Donation - 	Remaining: 999.00
2024-03-12 13:04:56.839 [main] INFO  Donation - 	Date: 2024-03-07T00:00
2024-03-12 13:04:56.840 [main] INFO  Donation - Candidate:
2024-03-12 13:04:56.840 [main] INFO  Donation - 	DonationType: CLOTHING
2024-03-12 13:04:56.841 [main] INFO  Donation - 	DonorName: Funny  Duckling
2024-03-12 13:04:56.841 [main] INFO  Donation - 	DollarValue: 1090.00
2024-03-12 13:04:56.841 [main] INFO  Donation - 	ID: 444
2024-03-12 13:04:56.843 [main] INFO  Donation - 	Remaining: 1090.00
2024-03-12 13:04:56.843 [main] INFO  Donation - 	Date: 2024-03-01T00:00
2024-03-12 13:04:56.845 [main] INFO  Donation - Candidate:
2024-03-12 13:04:56.845 [main] INFO  Donation - 	DonationType: CLOTHING
2024-03-12 13:04:56.846 [main] INFO  Donation - 	DonorName: Michelle  Sonnenberg
2024-03-12 13:04:56.846 [main] INFO  Donation - 	DollarValue: 750.00
2024-03-12 13:04:56.846 [main] INFO  Donation - 	ID: 449
2024-03-12 13:04:56.846 [main] INFO  Donation - 	Remaining: 750.00
2024-03-12 13:04:56.847 [main] INFO  Donation - 	Date: 2024-02-01T00:00
2024-03-12 13:04:56.847 [main] INFO  Donation - Candidate:
2024-03-12 13:04:56.847 [main] INFO  Donation - 	DonationType: CLOTHING
2024-03-12 13:04:56.847 [main] INFO  Donation - 	DonorName: Gertrude  Dux
2024-03-12 13:04:56.847 [main] INFO  Donation - 	DollarValue: 3500.00
2024-03-12 13:04:56.848 [main] INFO  Donation - 	ID: 450
2024-03-12 13:04:56.848 [main] INFO  Donation - 	Remaining: 3500.00
2024-03-12 13:04:56.848 [main] INFO  Donation - 	Date: 2024-01-01T00:00
2024-03-12 13:04:56.849 [main] INFO  Donation - Candidate:
2024-03-12 13:04:56.849 [main] INFO  Donation - 	DonationType: CLOTHING
2024-03-12 13:04:56.849 [main] INFO  Donation - 	DonorName: Ed  Foote
2024-03-12 13:04:56.849 [main] INFO  Donation - 	DollarValue: 999.00
2024-03-12 13:04:56.850 [main] INFO  Donation - 	ID: 452
2024-03-12 13:04:56.850 [main] INFO  Donation - 	Remaining: 999.00
2024-03-12 13:04:56.850 [main] INFO  Donation - 	Date: 2024-03-07T00:00
2024-03-12 13:04:56.850 [main] INFO  Donation - Candidate:
2024-03-12 13:04:56.851 [main] INFO  Donation - 	DonationType: CLOTHING
2024-03-12 13:04:56.851 [main] INFO  Donation - 	DonorName: Funny  Duckling
2024-03-12 13:04:56.851 [main] INFO  Donation - 	DollarValue: 1090.00
2024-03-12 13:04:56.851 [main] INFO  Donation - 	ID: 456
2024-03-12 13:04:56.852 [main] INFO  Donation - 	Remaining: 1090.00
2024-03-12 13:04:56.853 [main] INFO  Donation - 	Date: 2024-03-01T00:00
2024-03-12 13:04:56.855 [main] INFO  Donation - Candidate:
2024-03-12 13:04:56.856 [main] INFO  Donation - 	DonationType: CLOTHING
2024-03-12 13:04:56.856 [main] INFO  Donation - 	DonorName: Michelle  Sonnenberg
2024-03-12 13:04:56.856 [main] INFO  Donation - 	DollarValue: 750.00
2024-03-12 13:04:56.857 [main] INFO  Donation - 	ID: 461
2024-03-12 13:04:56.857 [main] INFO  Donation - 	Remaining: 750.00
2024-03-12 13:04:56.860 [main] INFO  Donation - 	Date: 2024-02-01T00:00
2024-03-12 13:04:56.862 [main] INFO  Donation - Candidate:
2024-03-12 13:04:56.862 [main] INFO  Donation - 	DonationType: CLOTHING
2024-03-12 13:04:56.863 [main] INFO  Donation - 	DonorName: Gertrude  Dux
2024-03-12 13:04:56.863 [main] INFO  Donation - 	DollarValue: 3500.00
2024-03-12 13:04:56.863 [main] INFO  Donation - 	ID: 462
2024-03-12 13:04:56.863 [main] INFO  Donation - 	Remaining: 3500.00
2024-03-12 13:04:56.863 [main] INFO  Donation - 	Date: 2024-01-01T00:00
2024-03-12 13:04:56.864 [main] INFO  Donation - Candidate:
2024-03-12 13:04:56.864 [main] INFO  Donation - 	DonationType: CLOTHING
2024-03-12 13:04:56.865 [main] INFO  Donation - 	DonorName: Ed  Foote
2024-03-12 13:04:56.865 [main] INFO  Donation - 	DollarValue: 999.00
2024-03-12 13:04:56.865 [main] INFO  Donation - 	ID: 464
2024-03-12 13:04:56.865 [main] INFO  Donation - 	Remaining: 999.00
2024-03-12 13:04:56.866 [main] INFO  Donation - 	Date: 2024-03-07T00:00
2024-03-12 13:04:56.866 [main] INFO  Donation - Candidate:
2024-03-12 13:04:56.866 [main] INFO  Donation - 	DonationType: CLOTHING
2024-03-12 13:04:56.866 [main] INFO  Donation - 	DonorName: Funny  Duckling
2024-03-12 13:04:56.867 [main] INFO  Donation - 	DollarValue: 1090.00
2024-03-12 13:04:56.867 [main] INFO  Donation - 	ID: 468
2024-03-12 13:04:56.867 [main] INFO  Donation - 	Remaining: 1090.00
2024-03-12 13:04:56.868 [main] INFO  Donation - 	Date: 2024-03-01T00:00
2024-03-12 13:04:56.868 [main] INFO  Donation - Candidate:
2024-03-12 13:04:56.868 [main] INFO  Donation - 	DonationType: CLOTHING
2024-03-12 13:04:56.869 [main] INFO  Donation - 	DonorName: Michelle  Sonnenberg
2024-03-12 13:04:56.869 [main] INFO  Donation - 	DollarValue: 750.00
2024-03-12 13:04:56.870 [main] INFO  Donation - 	ID: 473
2024-03-12 13:04:56.871 [main] INFO  Donation - 	Remaining: 750.00
2024-03-12 13:04:56.871 [main] INFO  Donation - 	Date: 2024-02-01T00:00
2024-03-12 13:04:56.871 [main] INFO  Donation - Candidate:
2024-03-12 13:04:56.871 [main] INFO  Donation - 	DonationType: CLOTHING
2024-03-12 13:04:56.872 [main] INFO  Donation - 	DonorName: Gertrude  Dux
2024-03-12 13:04:56.872 [main] INFO  Donation - 	DollarValue: 3500.00
2024-03-12 13:04:56.873 [main] INFO  Donation - 	ID: 474
2024-03-12 13:04:56.873 [main] INFO  Donation - 	Remaining: 3500.00
2024-03-12 13:04:56.873 [main] INFO  Donation - 	Date: 2024-01-01T00:00
2024-03-12 13:04:56.873 [main] INFO  Donation - Candidate:
2024-03-12 13:04:56.874 [main] INFO  Donation - 	DonationType: CLOTHING
2024-03-12 13:04:56.874 [main] INFO  Donation - 	DonorName: Ed  Foote
2024-03-12 13:04:56.874 [main] INFO  Donation - 	DollarValue: 999.00
2024-03-12 13:04:56.874 [main] INFO  Donation - 	ID: 476
2024-03-12 13:04:56.876 [main] INFO  Donation - 	Remaining: 999.00
2024-03-12 13:04:56.878 [main] INFO  Donation - 	Date: 2024-03-07T00:00
2024-03-12 13:04:56.878 [main] INFO  Donation - Candidate:
2024-03-12 13:04:56.879 [main] INFO  Donation - 	DonationType: CLOTHING
2024-03-12 13:04:56.880 [main] INFO  Donation - 	DonorName: Funny  Duckling
2024-03-12 13:04:56.880 [main] INFO  Donation - 	DollarValue: 1090.00
2024-03-12 13:04:56.880 [main] INFO  Donation - 	ID: 480
2024-03-12 13:04:56.880 [main] INFO  Donation - 	Remaining: 1090.00
2024-03-12 13:04:56.881 [main] INFO  Donation - 	Date: 2024-03-01T00:00
2024-03-12 13:04:56.881 [main] INFO  Donation - Candidate:
2024-03-12 13:04:56.881 [main] INFO  Donation - 	DonationType: CLOTHING
2024-03-12 13:04:56.881 [main] INFO  Donation - 	DonorName: Michelle  Sonnenberg
2024-03-12 13:04:56.882 [main] INFO  Donation - 	DollarValue: 750.00
2024-03-12 13:04:56.882 [main] INFO  Donation - 	ID: 485
2024-03-12 13:04:56.882 [main] INFO  Donation - 	Remaining: 750.00
2024-03-12 13:04:56.882 [main] INFO  Donation - 	Date: 2024-02-01T00:00
2024-03-12 13:04:56.883 [main] INFO  Donation - Candidate:
2024-03-12 13:04:56.883 [main] INFO  Donation - 	DonationType: CLOTHING
2024-03-12 13:04:56.883 [main] INFO  Donation - 	DonorName: Gertrude  Dux
2024-03-12 13:04:56.883 [main] INFO  Donation - 	DollarValue: 3500.00
2024-03-12 13:04:56.884 [main] INFO  Donation - 	ID: 486
2024-03-12 13:04:56.884 [main] INFO  Donation - 	Remaining: 3500.00
2024-03-12 13:04:56.884 [main] INFO  Donation - 	Date: 2024-01-01T00:00
2024-03-12 13:04:56.884 [main] INFO  Donation - Candidate:
2024-03-12 13:04:56.885 [main] INFO  Donation - 	DonationType: CLOTHING
2024-03-12 13:04:56.885 [main] INFO  Donation - 	DonorName: Ed  Foote
2024-03-12 13:04:56.885 [main] INFO  Donation - 	DollarValue: 999.00
2024-03-12 13:04:56.885 [main] INFO  Donation - 	ID: 488
2024-03-12 13:04:56.886 [main] INFO  Donation - 	Remaining: 999.00
2024-03-12 13:04:56.886 [main] INFO  Donation - 	Date: 2024-03-07T00:00
2024-03-12 13:04:56.886 [main] INFO  Donation - Candidate:
2024-03-12 13:04:56.886 [main] INFO  Donation - 	DonationType: CLOTHING
2024-03-12 13:04:56.887 [main] INFO  Donation - 	DonorName: Funny  Duckling
2024-03-12 13:04:56.887 [main] INFO  Donation - 	DollarValue: 1090.00
2024-03-12 13:04:56.887 [main] INFO  Donation - 	ID: 492
2024-03-12 13:04:56.887 [main] INFO  Donation - 	Remaining: 1090.00
2024-03-12 13:04:56.888 [main] INFO  Donation - 	Date: 2024-03-01T00:00
2024-03-12 13:04:56.888 [main] INFO  Donation - Candidate:
2024-03-12 13:04:56.889 [main] INFO  Donation - 	DonationType: CLOTHING
2024-03-12 13:04:56.889 [main] INFO  Donation - 	DonorName: Michelle  Sonnenberg
2024-03-12 13:04:56.890 [main] INFO  Donation - 	DollarValue: 750.00
2024-03-12 13:04:56.890 [main] INFO  Donation - 	ID: 497
2024-03-12 13:04:56.890 [main] INFO  Donation - 	Remaining: 750.00
2024-03-12 13:04:56.891 [main] INFO  Donation - 	Date: 2024-02-01T00:00
2024-03-12 13:04:56.894 [main] INFO  Donation - Candidate:
2024-03-12 13:04:56.895 [main] INFO  Donation - 	DonationType: CLOTHING
2024-03-12 13:04:56.896 [main] INFO  Donation - 	DonorName: Gertrude  Dux
2024-03-12 13:04:56.896 [main] INFO  Donation - 	DollarValue: 3500.00
2024-03-12 13:04:56.896 [main] INFO  Donation - 	ID: 498
2024-03-12 13:04:56.896 [main] INFO  Donation - 	Remaining: 3500.00
2024-03-12 13:04:56.897 [main] INFO  Donation - 	Date: 2024-01-01T00:00
2024-03-12 13:04:56.897 [main] INFO  Donation - Candidate:
2024-03-12 13:04:56.897 [main] INFO  Donation - 	DonationType: CLOTHING
2024-03-12 13:04:56.898 [main] INFO  Donation - 	DonorName: Ed  Foote
2024-03-12 13:04:56.898 [main] INFO  Donation - 	DollarValue: 999.00
2024-03-12 13:04:56.898 [main] INFO  Donation - 	ID: 500
2024-03-12 13:04:56.899 [main] INFO  Donation - 	Remaining: 999.00
2024-03-12 13:04:56.899 [main] INFO  Donation - 	Date: 2024-03-07T00:00
2024-03-12 13:04:56.899 [main] INFO  Donation - Candidate:
2024-03-12 13:04:56.899 [main] INFO  Donation - 	DonationType: CLOTHING
2024-03-12 13:04:56.902 [main] INFO  Donation - 	DonorName: Funny  Duckling
2024-03-12 13:04:56.903 [main] INFO  Donation - 	DollarValue: 1090.00
2024-03-12 13:04:56.904 [main] INFO  Donation - 	ID: 504
2024-03-12 13:04:56.904 [main] INFO  Donation - 	Remaining: 1090.00
2024-03-12 13:04:56.904 [main] INFO  Donation - 	Date: 2024-03-01T00:00
2024-03-12 13:04:56.905 [main] INFO  Donation - Candidate:
2024-03-12 13:04:56.905 [main] INFO  Donation - 	DonationType: CLOTHING
2024-03-12 13:04:56.905 [main] INFO  Donation - 	DonorName: Michelle  Sonnenberg
2024-03-12 13:04:56.906 [main] INFO  Donation - 	DollarValue: 750.00
2024-03-12 13:04:56.907 [main] INFO  Donation - 	ID: 509
2024-03-12 13:04:56.907 [main] INFO  Donation - 	Remaining: 750.00
2024-03-12 13:04:56.907 [main] INFO  Donation - 	Date: 2024-02-01T00:00
2024-03-12 13:04:56.907 [main] INFO  Donation - Candidate:
2024-03-12 13:04:56.908 [main] INFO  Donation - 	DonationType: CLOTHING
2024-03-12 13:04:56.908 [main] INFO  Donation - 	DonorName: Gertrude  Dux
2024-03-12 13:04:56.910 [main] INFO  Donation - 	DollarValue: 3500.00
2024-03-12 13:04:56.912 [main] INFO  Donation - 	ID: 510
2024-03-12 13:04:56.913 [main] INFO  Donation - 	Remaining: 3500.00
2024-03-12 13:04:56.914 [main] INFO  Donation - 	Date: 2024-01-01T00:00
2024-03-12 13:04:56.914 [main] INFO  Donation - Candidate:
2024-03-12 13:04:56.914 [main] INFO  Donation - 	DonationType: CLOTHING
2024-03-12 13:04:56.915 [main] INFO  Donation - 	DonorName: Ed  Foote
2024-03-12 13:04:56.916 [main] INFO  Donation - 	DollarValue: 999.00
2024-03-12 13:04:56.917 [main] INFO  Donation - 	ID: 512
2024-03-12 13:04:56.921 [main] INFO  Donation - 	Remaining: 999.00
2024-03-12 13:04:56.921 [main] INFO  Donation - 	Date: 2024-03-07T00:00
2024-03-12 13:04:56.921 [main] INFO  Donation - Candidate:
2024-03-12 13:04:56.922 [main] INFO  Donation - 	DonationType: CLOTHING
2024-03-12 13:04:56.922 [main] INFO  Donation - 	DonorName: Funny  Duckling
2024-03-12 13:04:56.922 [main] INFO  Donation - 	DollarValue: 1090.00
2024-03-12 13:04:56.922 [main] INFO  Donation - 	ID: 516
2024-03-12 13:04:56.923 [main] INFO  Donation - 	Remaining: 1090.00
2024-03-12 13:04:56.924 [main] INFO  Donation - 	Date: 2024-03-01T00:00
2024-03-12 13:04:56.924 [main] INFO  Donation - Candidate:
2024-03-12 13:04:56.924 [main] INFO  Donation - 	DonationType: CLOTHING
2024-03-12 13:04:56.925 [main] INFO  Donation - 	DonorName: Michelle  Sonnenberg
2024-03-12 13:04:56.926 [main] INFO  Donation - 	DollarValue: 750.00
2024-03-12 13:04:56.927 [main] INFO  Donation - 	ID: 521
2024-03-12 13:04:56.927 [main] INFO  Donation - 	Remaining: 750.00
2024-03-12 13:04:56.928 [main] INFO  Donation - 	Date: 2024-02-01T00:00
2024-03-12 13:04:56.929 [main] INFO  Donation - Candidate:
2024-03-12 13:04:56.929 [main] INFO  Donation - 	DonationType: CLOTHING
2024-03-12 13:04:56.930 [main] INFO  Donation - 	DonorName: Gertrude  Dux
2024-03-12 13:04:56.930 [main] INFO  Donation - 	DollarValue: 3500.00
2024-03-12 13:04:56.930 [main] INFO  Donation - 	ID: 522
2024-03-12 13:04:56.931 [main] INFO  Donation - 	Remaining: 3500.00
2024-03-12 13:04:56.931 [main] INFO  Donation - 	Date: 2024-01-01T00:00
2024-03-12 13:04:56.932 [main] INFO  Donation - Candidate:
2024-03-12 13:04:56.933 [main] INFO  Donation - 	DonationType: CLOTHING
2024-03-12 13:04:56.934 [main] INFO  Donation - 	DonorName: Ed  Foote
2024-03-12 13:04:56.934 [main] INFO  Donation - 	DollarValue: 999.00
2024-03-12 13:04:56.935 [main] INFO  Donation - 	ID: 524
2024-03-12 13:04:56.935 [main] INFO  Donation - 	Remaining: 999.00
2024-03-12 13:04:56.936 [main] INFO  Donation - 	Date: 2024-03-07T00:00
2024-03-12 13:04:56.937 [main] INFO  Donation - Candidate:
2024-03-12 13:04:56.937 [main] INFO  Donation - 	DonationType: CLOTHING
2024-03-12 13:04:56.937 [main] INFO  Donation - 	DonorName: Funny  Duckling
2024-03-12 13:04:56.937 [main] INFO  Donation - 	DollarValue: 1090.00
2024-03-12 13:04:56.938 [main] INFO  Donation - 	ID: 528
2024-03-12 13:04:56.939 [main] INFO  Donation - 	Remaining: 1090.00
2024-03-12 13:04:56.939 [main] INFO  Donation - 	Date: 2024-03-01T00:00
2024-03-12 13:04:56.939 [main] INFO  Donation - Candidate:
2024-03-12 13:04:56.940 [main] INFO  Donation - 	DonationType: CLOTHING
2024-03-12 13:04:56.940 [main] INFO  Donation - 	DonorName: Michelle  Sonnenberg
2024-03-12 13:04:56.940 [main] INFO  Donation - 	DollarValue: 750.00
2024-03-12 13:04:56.941 [main] INFO  Donation - 	ID: 533
2024-03-12 13:04:56.941 [main] INFO  Donation - 	Remaining: 750.00
2024-03-12 13:04:56.943 [main] INFO  Donation - 	Date: 2024-02-01T00:00
2024-03-12 13:04:56.944 [main] INFO  Donation - Candidate:
2024-03-12 13:04:56.945 [main] INFO  Donation - 	DonationType: CLOTHING
2024-03-12 13:04:56.945 [main] INFO  Donation - 	DonorName: Gertrude  Dux
2024-03-12 13:04:56.946 [main] INFO  Donation - 	DollarValue: 3500.00
2024-03-12 13:04:56.946 [main] INFO  Donation - 	ID: 534
2024-03-12 13:04:56.947 [main] INFO  Donation - 	Remaining: 3500.00
2024-03-12 13:04:56.947 [main] INFO  Donation - 	Date: 2024-01-01T00:00
2024-03-12 13:04:56.947 [main] INFO  Donation - Candidate:
2024-03-12 13:04:56.947 [main] INFO  Donation - 	DonationType: CLOTHING
2024-03-12 13:04:56.947 [main] INFO  Donation - 	DonorName: Ed  Foote
2024-03-12 13:04:56.948 [main] INFO  Donation - 	DollarValue: 999.00
2024-03-12 13:04:56.948 [main] INFO  Donation - 	ID: 536
2024-03-12 13:04:56.949 [main] INFO  Donation - 	Remaining: 999.00
2024-03-12 13:04:56.949 [main] INFO  Donation - 	Date: 2024-03-07T00:00
2024-03-12 13:04:56.949 [main] INFO  Donation - Candidate:
2024-03-12 13:04:56.949 [main] INFO  Donation - 	DonationType: CLOTHING
2024-03-12 13:04:56.950 [main] INFO  Donation - 	DonorName: Funny  Duckling
2024-03-12 13:04:56.950 [main] INFO  Donation - 	DollarValue: 1090.00
2024-03-12 13:04:56.950 [main] INFO  Donation - 	ID: 540
2024-03-12 13:04:56.950 [main] INFO  Donation - 	Remaining: 1090.00
2024-03-12 13:04:56.951 [main] INFO  Donation - 	Date: 2024-03-01T00:00
2024-03-12 13:04:56.951 [main] INFO  Donation - Candidate:
2024-03-12 13:04:56.951 [main] INFO  Donation - 	DonationType: CLOTHING
2024-03-12 13:04:56.952 [main] INFO  Donation - 	DonorName: Michelle  Sonnenberg
2024-03-12 13:04:56.952 [main] INFO  Donation - 	DollarValue: 750.00
2024-03-12 13:04:56.952 [main] INFO  Donation - 	ID: 545
2024-03-12 13:04:56.953 [main] INFO  Donation - 	Remaining: 750.00
2024-03-12 13:04:56.953 [main] INFO  Donation - 	Date: 2024-02-01T00:00
2024-03-12 13:04:56.953 [main] INFO  Donation - Candidate:
2024-03-12 13:04:56.954 [main] INFO  Donation - 	DonationType: CLOTHING
2024-03-12 13:04:56.955 [main] INFO  Donation - 	DonorName: Gertrude  Dux
2024-03-12 13:04:56.955 [main] INFO  Donation - 	DollarValue: 3500.00
2024-03-12 13:04:56.955 [main] INFO  Donation - 	ID: 546
2024-03-12 13:04:56.956 [main] INFO  Donation - 	Remaining: 3500.00
2024-03-12 13:04:56.956 [main] INFO  Donation - 	Date: 2024-01-01T00:00
2024-03-12 13:04:56.956 [main] INFO  Donation - Candidate:
2024-03-12 13:04:56.957 [main] INFO  Donation - 	DonationType: CLOTHING
2024-03-12 13:04:56.957 [main] INFO  Donation - 	DonorName: Ed  Foote
2024-03-12 13:04:56.957 [main] INFO  Donation - 	DollarValue: 999.00
2024-03-12 13:04:56.958 [main] INFO  Donation - 	ID: 548
2024-03-12 13:04:56.958 [main] INFO  Donation - 	Remaining: 999.00
2024-03-12 13:04:56.959 [main] INFO  Donation - 	Date: 2024-03-07T00:00
2024-03-12 13:04:56.960 [main] INFO  Donation - Candidate:
2024-03-12 13:04:56.962 [main] INFO  Donation - 	DonationType: CLOTHING
2024-03-12 13:04:56.962 [main] INFO  Donation - 	DonorName: Funny  Duckling
2024-03-12 13:04:56.962 [main] INFO  Donation - 	DollarValue: 1090.00
2024-03-12 13:04:56.963 [main] INFO  Donation - 	ID: 552
2024-03-12 13:04:56.963 [main] INFO  Donation - 	Remaining: 1090.00
2024-03-12 13:04:56.963 [main] INFO  Donation - 	Date: 2024-03-01T00:00
2024-03-12 13:04:56.964 [main] INFO  Donation - Candidate:
2024-03-12 13:04:56.964 [main] INFO  Donation - 	DonationType: CLOTHING
2024-03-12 13:04:56.965 [main] INFO  Donation - 	DonorName: Michelle  Sonnenberg
2024-03-12 13:04:56.965 [main] INFO  Donation - 	DollarValue: 750.00
2024-03-12 13:04:56.966 [main] INFO  Donation - 	ID: 557
2024-03-12 13:04:56.966 [main] INFO  Donation - 	Remaining: 750.00
2024-03-12 13:04:56.966 [main] INFO  Donation - 	Date: 2024-02-01T00:00
2024-03-12 13:04:56.966 [main] INFO  Donation - Candidate:
2024-03-12 13:04:56.966 [main] INFO  Donation - 	DonationType: CLOTHING
2024-03-12 13:04:56.967 [main] INFO  Donation - 	DonorName: Gertrude  Dux
2024-03-12 13:04:56.967 [main] INFO  Donation - 	DollarValue: 3500.00
2024-03-12 13:04:56.967 [main] INFO  Donation - 	ID: 558
2024-03-12 13:04:56.967 [main] INFO  Donation - 	Remaining: 3500.00
2024-03-12 13:04:56.968 [main] INFO  Donation - 	Date: 2024-01-01T00:00
2024-03-12 13:04:56.968 [main] INFO  Donation - Candidate:
2024-03-12 13:04:56.968 [main] INFO  Donation - 	DonationType: CLOTHING
2024-03-12 13:04:56.968 [main] INFO  Donation - 	DonorName: Ed  Foote
2024-03-12 13:04:56.969 [main] INFO  Donation - 	DollarValue: 999.00
2024-03-12 13:04:56.969 [main] INFO  Donation - 	ID: 560
2024-03-12 13:04:56.969 [main] INFO  Donation - 	Remaining: 999.00
2024-03-12 13:04:56.969 [main] INFO  Donation - 	Date: 2024-03-07T00:00
2024-03-12 13:04:56.969 [main] INFO  Donation - Candidate:
2024-03-12 13:04:56.970 [main] INFO  Donation - 	DonationType: CLOTHING
2024-03-12 13:04:56.970 [main] INFO  Donation - 	DonorName: Funny  Duckling
2024-03-12 13:04:56.970 [main] INFO  Donation - 	DollarValue: 1090.00
2024-03-12 13:04:56.971 [main] INFO  Donation - 	ID: 564
2024-03-12 13:04:56.971 [main] INFO  Donation - 	Remaining: 1090.00
2024-03-12 13:04:56.972 [main] INFO  Donation - 	Date: 2024-03-01T00:00
2024-03-12 13:04:56.972 [main] INFO  Donation - Candidate:
2024-03-12 13:04:56.972 [main] INFO  Donation - 	DonationType: CLOTHING
2024-03-12 13:04:56.973 [main] INFO  Donation - 	DonorName: Michelle  Sonnenberg
2024-03-12 13:04:56.973 [main] INFO  Donation - 	DollarValue: 750.00
2024-03-12 13:04:56.973 [main] INFO  Donation - 	ID: 569
2024-03-12 13:04:56.973 [main] INFO  Donation - 	Remaining: 750.00
2024-03-12 13:04:56.973 [main] INFO  Donation - 	Date: 2024-02-01T00:00
2024-03-12 13:04:56.974 [main] INFO  Donation - Candidate:
2024-03-12 13:04:56.974 [main] INFO  Donation - 	DonationType: CLOTHING
2024-03-12 13:04:56.974 [main] INFO  Donation - 	DonorName: Gertrude  Dux
2024-03-12 13:04:56.974 [main] INFO  Donation - 	DollarValue: 3500.00
2024-03-12 13:04:56.974 [main] INFO  Donation - 	ID: 570
2024-03-12 13:04:56.975 [main] INFO  Donation - 	Remaining: 3500.00
2024-03-12 13:04:56.976 [main] INFO  Donation - 	Date: 2024-01-01T00:00
2024-03-12 13:04:56.978 [main] INFO  Donation - Candidate:
2024-03-12 13:04:56.979 [main] INFO  Donation - 	DonationType: CLOTHING
2024-03-12 13:04:56.979 [main] INFO  Donation - 	DonorName: Ed  Foote
2024-03-12 13:04:56.979 [main] INFO  Donation - 	DollarValue: 999.00
2024-03-12 13:04:56.980 [main] INFO  Donation - 	ID: 572
2024-03-12 13:04:56.981 [main] INFO  Donation - 	Remaining: 999.00
2024-03-12 13:04:56.981 [main] INFO  Donation - 	Date: 2024-03-07T00:00
2024-03-12 13:04:56.981 [main] INFO  Donation - Candidate:
2024-03-12 13:04:56.982 [main] INFO  Donation - 	DonationType: CLOTHING
2024-03-12 13:04:56.982 [main] INFO  Donation - 	DonorName: Funny  Duckling
2024-03-12 13:04:56.982 [main] INFO  Donation - 	DollarValue: 1090.00
2024-03-12 13:04:56.983 [main] INFO  Donation - 	ID: 576
2024-03-12 13:04:56.983 [main] INFO  Donation - 	Remaining: 1090.00
2024-03-12 13:04:56.983 [main] INFO  Donation - 	Date: 2024-03-01T00:00
2024-03-12 13:04:56.983 [main] INFO  Donation - Candidate:
2024-03-12 13:04:56.984 [main] INFO  Donation - 	DonationType: CLOTHING
2024-03-12 13:04:56.984 [main] INFO  Donation - 	DonorName: Michelle  Sonnenberg
2024-03-12 13:04:56.984 [main] INFO  Donation - 	DollarValue: 750.00
2024-03-12 13:04:56.984 [main] INFO  Donation - 	ID: 581
2024-03-12 13:04:56.985 [main] INFO  Donation - 	Remaining: 750.00
2024-03-12 13:04:56.985 [main] INFO  Donation - 	Date: 2024-02-01T00:00
2024-03-12 13:04:56.986 [main] INFO  Donation - Candidate:
2024-03-12 13:04:56.986 [main] INFO  Donation - 	DonationType: CLOTHING
2024-03-12 13:04:56.986 [main] INFO  Donation - 	DonorName: Gertrude  Dux
2024-03-12 13:04:56.987 [main] INFO  Donation - 	DollarValue: 3500.00
2024-03-12 13:04:56.987 [main] INFO  Donation - 	ID: 582
2024-03-12 13:04:56.987 [main] INFO  Donation - 	Remaining: 3500.00
2024-03-12 13:04:56.988 [main] INFO  Donation - 	Date: 2024-01-01T00:00
2024-03-12 13:04:56.988 [main] INFO  Donation - Candidate:
2024-03-12 13:04:56.989 [main] INFO  Donation - 	DonationType: CLOTHING
2024-03-12 13:04:56.989 [main] INFO  Donation - 	DonorName: Ed  Foote
2024-03-12 13:04:56.989 [main] INFO  Donation - 	DollarValue: 999.00
2024-03-12 13:04:56.990 [main] INFO  Donation - 	ID: 584
2024-03-12 13:04:56.990 [main] INFO  Donation - 	Remaining: 999.00
2024-03-12 13:04:56.991 [main] INFO  Donation - 	Date: 2024-03-07T00:00
2024-03-12 13:04:56.991 [main] INFO  Donation - Candidate:
2024-03-12 13:04:56.994 [main] INFO  Donation - 	DonationType: CLOTHING
2024-03-12 13:04:56.997 [main] INFO  Donation - 	DonorName: Funny  Duckling
2024-03-12 13:04:56.998 [main] INFO  Donation - 	DollarValue: 1090.00
2024-03-12 13:04:56.998 [main] INFO  Donation - 	ID: 588
2024-03-12 13:04:56.999 [main] INFO  Donation - 	Remaining: 1090.00
2024-03-12 13:04:56.999 [main] INFO  Donation - 	Date: 2024-03-01T00:00
2024-03-12 13:04:56.999 [main] INFO  Donation - Candidate:
2024-03-12 13:04:56.999 [main] INFO  Donation - 	DonationType: CLOTHING
2024-03-12 13:04:57.000 [main] INFO  Donation - 	DonorName: Michelle  Sonnenberg
2024-03-12 13:04:57.000 [main] INFO  Donation - 	DollarValue: 750.00
2024-03-12 13:04:57.000 [main] INFO  Donation - 	ID: 593
2024-03-12 13:04:57.002 [main] INFO  Donation - 	Remaining: 750.00
2024-03-12 13:04:57.003 [main] INFO  Donation - 	Date: 2024-02-01T00:00
2024-03-12 13:04:57.004 [main] INFO  Donation - Candidate:
2024-03-12 13:04:57.004 [main] INFO  Donation - 	DonationType: CLOTHING
2024-03-12 13:04:57.004 [main] INFO  Donation - 	DonorName: Gertrude  Dux
2024-03-12 13:04:57.005 [main] INFO  Donation - 	DollarValue: 3500.00
2024-03-12 13:04:57.005 [main] INFO  Donation - 	ID: 594
2024-03-12 13:04:57.005 [main] INFO  Donation - 	Remaining: 3500.00
2024-03-12 13:04:57.006 [main] INFO  Donation - 	Date: 2024-01-01T00:00
2024-03-12 13:04:57.006 [main] INFO  Donation - Candidate:
2024-03-12 13:04:57.006 [main] INFO  Donation - 	DonationType: CLOTHING
2024-03-12 13:04:57.007 [main] INFO  Donation - 	DonorName: Ed  Foote
2024-03-12 13:04:57.007 [main] INFO  Donation - 	DollarValue: 999.00
2024-03-12 13:04:57.008 [main] INFO  Donation - 	ID: 596
2024-03-12 13:04:57.010 [main] INFO  Donation - 	Remaining: 999.00
2024-03-12 13:04:57.013 [main] INFO  Donation - 	Date: 2024-03-07T00:00
2024-03-12 13:04:57.013 [main] INFO  Donation - Candidate:
2024-03-12 13:04:57.014 [main] INFO  Donation - 	DonationType: CLOTHING
2024-03-12 13:04:57.014 [main] INFO  Donation - 	DonorName: Funny  Duckling
2024-03-12 13:04:57.015 [main] INFO  Donation - 	DollarValue: 1090.00
2024-03-12 13:04:57.015 [main] INFO  Donation - 	ID: 600
2024-03-12 13:04:57.015 [main] INFO  Donation - 	Remaining: 1090.00
2024-03-12 13:04:57.015 [main] INFO  Donation - 	Date: 2024-03-01T00:00
2024-03-12 13:04:57.016 [main] INFO  Donation - Candidate:
2024-03-12 13:04:57.016 [main] INFO  Donation - 	DonationType: CLOTHING
2024-03-12 13:04:57.016 [main] INFO  Donation - 	DonorName: Michelle  Sonnenberg
2024-03-12 13:04:57.016 [main] INFO  Donation - 	DollarValue: 750.00
2024-03-12 13:04:57.017 [main] INFO  Donation - 	ID: 605
2024-03-12 13:04:57.017 [main] INFO  Donation - 	Remaining: 750.00
2024-03-12 13:04:57.017 [main] INFO  Donation - 	Date: 2024-02-01T00:00
2024-03-12 13:04:57.018 [main] INFO  Donation - Candidate:
2024-03-12 13:04:57.018 [main] INFO  Donation - 	DonationType: CLOTHING
2024-03-12 13:04:57.018 [main] INFO  Donation - 	DonorName: Gertrude  Dux
2024-03-12 13:04:57.019 [main] INFO  Donation - 	DollarValue: 3500.00
2024-03-12 13:04:57.019 [main] INFO  Donation - 	ID: 606
2024-03-12 13:04:57.019 [main] INFO  Donation - 	Remaining: 3500.00
2024-03-12 13:04:57.019 [main] INFO  Donation - 	Date: 2024-01-01T00:00
2024-03-12 13:04:57.019 [main] INFO  Donation - Candidate:
2024-03-12 13:04:57.020 [main] INFO  Donation - 	DonationType: CLOTHING
2024-03-12 13:04:57.020 [main] INFO  Donation - 	DonorName: Ed  Foote
2024-03-12 13:04:57.020 [main] INFO  Donation - 	DollarValue: 999.00
2024-03-12 13:04:57.021 [main] INFO  Donation - 	ID: 608
2024-03-12 13:04:57.021 [main] INFO  Donation - 	Remaining: 999.00
2024-03-12 13:04:57.022 [main] INFO  Donation - 	Date: 2024-03-07T00:00
2024-03-12 13:04:57.022 [main] INFO  Donation - Candidate:
2024-03-12 13:04:57.024 [main] INFO  Donation - 	DonationType: CLOTHING
2024-03-12 13:04:57.027 [main] INFO  Donation - 	DonorName: Funny  Duckling
2024-03-12 13:04:57.029 [main] INFO  Donation - 	DollarValue: 1090.00
2024-03-12 13:04:57.030 [main] INFO  Donation - 	ID: 612
2024-03-12 13:04:57.031 [main] INFO  Donation - 	Remaining: 1090.00
2024-03-12 13:04:57.032 [main] INFO  Donation - 	Date: 2024-03-01T00:00
2024-03-12 13:04:57.032 [main] INFO  Donation - Candidate:
2024-03-12 13:04:57.036 [main] INFO  Donation - 	DonationType: CLOTHING
2024-03-12 13:04:57.037 [main] INFO  Donation - 	DonorName: Michelle  Sonnenberg
2024-03-12 13:04:57.039 [main] INFO  Donation - 	DollarValue: 750.00
2024-03-12 13:04:57.040 [main] INFO  Donation - 	ID: 617
2024-03-12 13:04:57.040 [main] INFO  Donation - 	Remaining: 750.00
2024-03-12 13:04:57.040 [main] INFO  Donation - 	Date: 2024-02-01T00:00
2024-03-12 13:04:57.041 [main] INFO  Donation - Candidate:
2024-03-12 13:04:57.047 [main] INFO  Donation - 	DonationType: CLOTHING
2024-03-12 13:04:57.053 [main] INFO  Donation - 	DonorName: Gertrude  Dux
2024-03-12 13:04:57.071 [main] INFO  Donation - 	DollarValue: 3500.00
2024-03-12 13:04:57.072 [main] INFO  Donation - 	ID: 618
2024-03-12 13:04:57.072 [main] INFO  Donation - 	Remaining: 3500.00
2024-03-12 13:04:57.073 [main] INFO  Donation - 	Date: 2024-01-01T00:00
2024-03-12 13:04:57.073 [main] INFO  Donation - Candidate:
2024-03-12 13:04:57.073 [main] INFO  Donation - 	DonationType: CLOTHING
2024-03-12 13:04:57.073 [main] INFO  Donation - 	DonorName: Ed  Foote
2024-03-12 13:04:57.074 [main] INFO  Donation - 	DollarValue: 999.00
2024-03-12 13:04:57.074 [main] INFO  Donation - 	ID: 620
2024-03-12 13:04:57.074 [main] INFO  Donation - 	Remaining: 999.00
2024-03-12 13:04:57.075 [main] INFO  Donation - 	Date: 2024-03-07T00:00
2024-03-12 13:04:57.075 [main] INFO  Donation - Candidate:
2024-03-12 13:04:57.080 [main] INFO  Donation - 	DonationType: CLOTHING
2024-03-12 13:04:57.087 [main] INFO  Donation - 	DonorName: Funny  Duckling
2024-03-12 13:04:57.090 [main] INFO  Donation - 	DollarValue: 1090.00
2024-03-12 13:04:57.090 [main] INFO  Donation - 	ID: 624
2024-03-12 13:04:57.096 [main] INFO  Donation - 	Remaining: 1090.00
2024-03-12 13:04:57.096 [main] INFO  Donation - 	Date: 2024-03-01T00:00
2024-03-12 13:04:57.097 [main] INFO  Donation - Candidate:
2024-03-12 13:04:57.097 [main] INFO  Donation - 	DonationType: CLOTHING
2024-03-12 13:04:57.098 [main] INFO  Donation - 	DonorName: Michelle  Sonnenberg
2024-03-12 13:04:57.098 [main] INFO  Donation - 	DollarValue: 750.00
2024-03-12 13:04:57.098 [main] INFO  Donation - 	ID: 629
2024-03-12 13:04:57.100 [main] INFO  Donation - 	Remaining: 750.00
2024-03-12 13:04:57.101 [main] INFO  Donation - 	Date: 2024-02-01T00:00
2024-03-12 13:04:57.102 [main] INFO  Donation - Candidate:
2024-03-12 13:04:57.102 [main] INFO  Donation - 	DonationType: CLOTHING
2024-03-12 13:04:57.102 [main] INFO  Donation - 	DonorName: Gertrude  Dux
2024-03-12 13:04:57.103 [main] INFO  Donation - 	DollarValue: 3500.00
2024-03-12 13:04:57.103 [main] INFO  Donation - 	ID: 630
2024-03-12 13:04:57.103 [main] INFO  Donation - 	Remaining: 3500.00
2024-03-12 13:04:57.103 [main] INFO  Donation - 	Date: 2024-01-01T00:00
2024-03-12 13:04:57.103 [main] INFO  Donation - Candidate:
2024-03-12 13:04:57.104 [main] INFO  Donation - 	DonationType: CLOTHING
2024-03-12 13:04:57.104 [main] INFO  Donation - 	DonorName: Ed  Foote
2024-03-12 13:04:57.104 [main] INFO  Donation - 	DollarValue: 999.00
2024-03-12 13:04:57.104 [main] INFO  Donation - 	ID: 632
2024-03-12 13:04:57.104 [main] INFO  Donation - 	Remaining: 999.00
2024-03-12 13:04:57.105 [main] INFO  Donation - 	Date: 2024-03-07T00:00
2024-03-12 13:04:57.105 [main] INFO  Donation - Candidate:
2024-03-12 13:04:57.105 [main] INFO  Donation - 	DonationType: CLOTHING
2024-03-12 13:04:57.105 [main] INFO  Donation - 	DonorName: Funny  Duckling
2024-03-12 13:04:57.105 [main] INFO  Donation - 	DollarValue: 1090.00
2024-03-12 13:04:57.106 [main] INFO  Donation - 	ID: 636
2024-03-12 13:04:57.106 [main] INFO  Donation - 	Remaining: 1090.00
2024-03-12 13:04:57.106 [main] INFO  Donation - 	Date: 2024-03-01T00:00
2024-03-12 13:04:57.107 [main] INFO  Donation - Candidate:
2024-03-12 13:04:57.107 [main] INFO  Donation - 	DonationType: CLOTHING
2024-03-12 13:04:57.107 [main] INFO  Donation - 	DonorName: Michelle  Sonnenberg
2024-03-12 13:04:57.107 [main] INFO  Donation - 	DollarValue: 750.00
2024-03-12 13:04:57.111 [main] INFO  Donation - 	ID: 641
2024-03-12 13:04:57.113 [main] INFO  Donation - 	Remaining: 750.00
2024-03-12 13:04:57.113 [main] INFO  Donation - 	Date: 2024-02-01T00:00
2024-03-12 13:04:57.114 [main] INFO  Donation - Candidate:
2024-03-12 13:04:57.114 [main] INFO  Donation - 	DonationType: CLOTHING
2024-03-12 13:04:57.115 [main] INFO  Donation - 	DonorName: Gertrude  Dux
2024-03-12 13:04:57.116 [main] INFO  Donation - 	DollarValue: 3500.00
2024-03-12 13:04:57.116 [main] INFO  Donation - 	ID: 642
2024-03-12 13:04:57.118 [main] INFO  Donation - 	Remaining: 3500.00
2024-03-12 13:04:57.120 [main] INFO  Donation - 	Date: 2024-01-01T00:00
2024-03-12 13:04:57.120 [main] INFO  Donation - Candidate:
2024-03-12 13:04:57.120 [main] INFO  Donation - 	DonationType: CLOTHING
2024-03-12 13:04:57.120 [main] INFO  Donation - 	DonorName: Ed  Foote
2024-03-12 13:04:57.121 [main] INFO  Donation - 	DollarValue: 999.00
2024-03-12 13:04:57.121 [main] INFO  Donation - 	ID: 644
2024-03-12 13:04:57.121 [main] INFO  Donation - 	Remaining: 999.00
2024-03-12 13:04:57.121 [main] INFO  Donation - 	Date: 2024-03-07T00:00
2024-03-12 13:04:57.121 [main] INFO  Donation - Candidate:
2024-03-12 13:04:57.122 [main] INFO  Donation - 	DonationType: CLOTHING
2024-03-12 13:04:57.122 [main] INFO  Donation - 	DonorName: Funny  Duckling
2024-03-12 13:04:57.122 [main] INFO  Donation - 	DollarValue: 1090.00
2024-03-12 13:04:57.122 [main] INFO  Donation - 	ID: 648
2024-03-12 13:04:57.122 [main] INFO  Donation - 	Remaining: 1090.00
2024-03-12 13:04:57.123 [main] INFO  Donation - 	Date: 2024-03-01T00:00
2024-03-12 13:04:57.123 [main] INFO  Donation - Candidate:
2024-03-12 13:04:57.123 [main] INFO  Donation - 	DonationType: CLOTHING
2024-03-12 13:04:57.123 [main] INFO  Donation - 	DonorName: Michelle  Sonnenberg
2024-03-12 13:04:57.124 [main] INFO  Donation - 	DollarValue: 750.00
2024-03-12 13:04:57.124 [main] INFO  Donation - 	ID: 653
2024-03-12 13:04:57.124 [main] INFO  Donation - 	Remaining: 750.00
2024-03-12 13:04:57.124 [main] INFO  Donation - 	Date: 2024-02-01T00:00
2024-03-12 13:04:57.124 [main] INFO  Donation - Candidate:
2024-03-12 13:04:57.125 [main] INFO  Donation - 	DonationType: CLOTHING
2024-03-12 13:04:57.125 [main] INFO  Donation - 	DonorName: Gertrude  Dux
2024-03-12 13:04:57.126 [main] INFO  Donation - 	DollarValue: 3500.00
2024-03-12 13:04:57.126 [main] INFO  Donation - 	ID: 654
2024-03-12 13:04:57.127 [main] INFO  Donation - 	Remaining: 3500.00
2024-03-12 13:04:57.127 [main] INFO  Donation - 	Date: 2024-01-01T00:00
2024-03-12 13:04:57.128 [main] INFO  Donation - Candidate:
2024-03-12 13:04:57.129 [main] INFO  Donation - 	DonationType: CLOTHING
2024-03-12 13:04:57.129 [main] INFO  Donation - 	DonorName: Ed  Foote
2024-03-12 13:04:57.130 [main] INFO  Donation - 	DollarValue: 999.00
2024-03-12 13:04:57.130 [main] INFO  Donation - 	ID: 656
2024-03-12 13:04:57.130 [main] INFO  Donation - 	Remaining: 999.00
2024-03-12 13:04:57.130 [main] INFO  Donation - 	Date: 2024-03-07T00:00
2024-03-12 13:04:57.130 [main] INFO  Donation - Candidate:
2024-03-12 13:04:57.131 [main] INFO  Donation - 	DonationType: CLOTHING
2024-03-12 13:04:57.131 [main] INFO  Donation - 	DonorName: Funny  Duckling
2024-03-12 13:04:57.131 [main] INFO  Donation - 	DollarValue: 1090.00
2024-03-12 13:04:57.131 [main] INFO  Donation - 	ID: 660
2024-03-12 13:04:57.131 [main] INFO  Donation - 	Remaining: 1090.00
2024-03-12 13:04:57.131 [main] INFO  Donation - 	Date: 2024-03-01T00:00
2024-03-12 13:04:57.132 [main] INFO  Donation - Candidate:
2024-03-12 13:04:57.132 [main] INFO  Donation - 	DonationType: CLOTHING
2024-03-12 13:04:57.132 [main] INFO  Donation - 	DonorName: Michelle  Sonnenberg
2024-03-12 13:04:57.132 [main] INFO  Donation - 	DollarValue: 750.00
2024-03-12 13:04:57.132 [main] INFO  Donation - 	ID: 665
2024-03-12 13:04:57.132 [main] INFO  Donation - 	Remaining: 750.00
2024-03-12 13:04:57.133 [main] INFO  Donation - 	Date: 2024-02-01T00:00
2024-03-12 13:04:57.133 [main] INFO  Donation - Candidate:
2024-03-12 13:04:57.133 [main] INFO  Donation - 	DonationType: CLOTHING
2024-03-12 13:04:57.133 [main] INFO  Donation - 	DonorName: Gertrude  Dux
2024-03-12 13:04:57.133 [main] INFO  Donation - 	DollarValue: 3500.00
2024-03-12 13:04:57.133 [main] INFO  Donation - 	ID: 666
2024-03-12 13:04:57.134 [main] INFO  Donation - 	Remaining: 3500.00
2024-03-12 13:04:57.134 [main] INFO  Donation - 	Date: 2024-01-01T00:00
2024-03-12 13:04:57.134 [main] INFO  Donation - Candidate:
2024-03-12 13:04:57.134 [main] INFO  Donation - 	DonationType: CLOTHING
2024-03-12 13:04:57.134 [main] INFO  Donation - 	DonorName: Ed  Foote
2024-03-12 13:04:57.135 [main] INFO  Donation - 	DollarValue: 999.00
2024-03-12 13:04:57.135 [main] INFO  Donation - 	ID: 668
2024-03-12 13:04:57.135 [main] INFO  Donation - 	Remaining: 999.00
2024-03-12 13:04:57.135 [main] INFO  Donation - 	Date: 2024-03-07T00:00
2024-03-12 13:04:57.135 [main] INFO  Donation - Candidate:
2024-03-12 13:04:57.135 [main] INFO  Donation - 	DonationType: CLOTHING
2024-03-12 13:04:57.136 [main] INFO  Donation - 	DonorName: Funny  Duckling
2024-03-12 13:04:57.136 [main] INFO  Donation - 	DollarValue: 1090.00
2024-03-12 13:04:57.136 [main] INFO  Donation - 	ID: 672
2024-03-12 13:04:57.136 [main] INFO  Donation - 	Remaining: 1090.00
2024-03-12 13:04:57.136 [main] INFO  Donation - 	Date: 2024-03-01T00:00
2024-03-12 13:04:57.136 [main] INFO  Donation - Candidate:
2024-03-12 13:04:57.137 [main] INFO  Donation - 	DonationType: CLOTHING
2024-03-12 13:04:57.137 [main] INFO  Donation - 	DonorName: Michelle  Sonnenberg
2024-03-12 13:04:57.137 [main] INFO  Donation - 	DollarValue: 750.00
2024-03-12 13:04:57.137 [main] INFO  Donation - 	ID: 677
2024-03-12 13:04:57.137 [main] INFO  Donation - 	Remaining: 750.00
2024-03-12 13:04:57.137 [main] INFO  Donation - 	Date: 2024-02-01T00:00
2024-03-12 13:04:57.138 [main] INFO  Donation - Candidate:
2024-03-12 13:04:57.138 [main] INFO  Donation - 	DonationType: CLOTHING
2024-03-12 13:04:57.138 [main] INFO  Donation - 	DonorName: Gertrude  Dux
2024-03-12 13:04:57.138 [main] INFO  Donation - 	DollarValue: 3500.00
2024-03-12 13:04:57.138 [main] INFO  Donation - 	ID: 678
2024-03-12 13:04:57.138 [main] INFO  Donation - 	Remaining: 3500.00
2024-03-12 13:04:57.139 [main] INFO  Donation - 	Date: 2024-01-01T00:00
2024-03-12 13:04:57.139 [main] INFO  Donation - Candidate:
2024-03-12 13:04:57.139 [main] INFO  Donation - 	DonationType: CLOTHING
2024-03-12 13:04:57.139 [main] INFO  Donation - 	DonorName: Ed  Foote
2024-03-12 13:04:57.139 [main] INFO  Donation - 	DollarValue: 999.00
2024-03-12 13:04:57.139 [main] INFO  Donation - 	ID: 680
2024-03-12 13:04:57.140 [main] INFO  Donation - 	Remaining: 999.00
2024-03-12 13:04:57.140 [main] INFO  Donation - 	Date: 2024-03-07T00:00
2024-03-12 13:04:57.140 [main] INFO  Donation - Candidate:
2024-03-12 13:04:57.140 [main] INFO  Donation - 	DonationType: CLOTHING
2024-03-12 13:04:57.141 [main] INFO  Donation - 	DonorName: Funny  Duckling
2024-03-12 13:04:57.141 [main] INFO  Donation - 	DollarValue: 1090.00
2024-03-12 13:04:57.141 [main] INFO  Donation - 	ID: 684
2024-03-12 13:04:57.141 [main] INFO  Donation - 	Remaining: 1090.00
2024-03-12 13:04:57.141 [main] INFO  Donation - 	Date: 2024-03-01T00:00
2024-03-12 13:04:57.141 [main] INFO  Donation - Candidate:
2024-03-12 13:04:57.142 [main] INFO  Donation - 	DonationType: CLOTHING
2024-03-12 13:04:57.142 [main] INFO  Donation - 	DonorName: Michelle  Sonnenberg
2024-03-12 13:04:57.142 [main] INFO  Donation - 	DollarValue: 750.00
2024-03-12 13:04:57.142 [main] INFO  Donation - 	ID: 689
2024-03-12 13:04:57.143 [main] INFO  Donation - 	Remaining: 750.00
2024-03-12 13:04:57.143 [main] INFO  Donation - 	Date: 2024-02-01T00:00
2024-03-12 13:04:57.143 [main] INFO  Donation - Candidate:
2024-03-12 13:04:57.143 [main] INFO  Donation - 	DonationType: CLOTHING
2024-03-12 13:04:57.144 [main] INFO  Donation - 	DonorName: Gertrude  Dux
2024-03-12 13:04:57.144 [main] INFO  Donation - 	DollarValue: 3500.00
2024-03-12 13:04:57.144 [main] INFO  Donation - 	ID: 690
2024-03-12 13:04:57.145 [main] INFO  Donation - 	Remaining: 3500.00
2024-03-12 13:04:57.145 [main] INFO  Donation - 	Date: 2024-01-01T00:00
2024-03-12 13:04:57.145 [main] INFO  Donation - Candidate:
2024-03-12 13:04:57.145 [main] INFO  Donation - 	DonationType: CLOTHING
2024-03-12 13:04:57.146 [main] INFO  Donation - 	DonorName: Ed  Foote
2024-03-12 13:04:57.146 [main] INFO  Donation - 	DollarValue: 999.00
2024-03-12 13:04:57.146 [main] INFO  Donation - 	ID: 692
2024-03-12 13:04:57.146 [main] INFO  Donation - 	Remaining: 999.00
2024-03-12 13:04:57.146 [main] INFO  Donation - 	Date: 2024-03-07T00:00
2024-03-12 13:04:57.146 [main] INFO  Donation - Candidate:
2024-03-12 13:04:57.147 [main] INFO  Donation - 	DonationType: CLOTHING
2024-03-12 13:04:57.147 [main] INFO  Donation - 	DonorName: Funny  Duckling
2024-03-12 13:04:57.147 [main] INFO  Donation - 	DollarValue: 1090.00
2024-03-12 13:04:57.147 [main] INFO  Donation - 	ID: 696
2024-03-12 13:04:57.147 [main] INFO  Donation - 	Remaining: 1090.00
2024-03-12 13:04:57.147 [main] INFO  Donation - 	Date: 2024-03-01T00:00
2024-03-12 13:04:57.148 [main] INFO  Donation - Candidate:
2024-03-12 13:04:57.148 [main] INFO  Donation - 	DonationType: CLOTHING
2024-03-12 13:04:57.148 [main] INFO  Donation - 	DonorName: Michelle  Sonnenberg
2024-03-12 13:04:57.148 [main] INFO  Donation - 	DollarValue: 750.00
2024-03-12 13:04:57.148 [main] INFO  Donation - 	ID: 701
2024-03-12 13:04:57.148 [main] INFO  Donation - 	Remaining: 750.00
2024-03-12 13:04:57.149 [main] INFO  Donation - 	Date: 2024-02-01T00:00
2024-03-12 13:04:57.149 [main] INFO  Donation - Candidate:
2024-03-12 13:04:57.149 [main] INFO  Donation - 	DonationType: CLOTHING
2024-03-12 13:04:57.149 [main] INFO  Donation - 	DonorName: Gertrude  Dux
2024-03-12 13:04:57.149 [main] INFO  Donation - 	DollarValue: 3500.00
2024-03-12 13:04:57.150 [main] INFO  Donation - 	ID: 702
2024-03-12 13:04:57.150 [main] INFO  Donation - 	Remaining: 3500.00
2024-03-12 13:04:57.150 [main] INFO  Donation - 	Date: 2024-01-01T00:00
2024-03-12 13:04:57.150 [main] INFO  Donation - Candidate:
2024-03-12 13:04:57.150 [main] INFO  Donation - 	DonationType: CLOTHING
2024-03-12 13:04:57.151 [main] INFO  Donation - 	DonorName: Ed  Foote
2024-03-12 13:04:57.151 [main] INFO  Donation - 	DollarValue: 999.00
2024-03-12 13:04:57.151 [main] INFO  Donation - 	ID: 704
2024-03-12 13:04:57.151 [main] INFO  Donation - 	Remaining: 999.00
2024-03-12 13:04:57.151 [main] INFO  Donation - 	Date: 2024-03-07T00:00
2024-03-12 13:04:57.151 [main] INFO  Donation - Candidate:
2024-03-12 13:04:57.152 [main] INFO  Donation - 	DonationType: CLOTHING
2024-03-12 13:04:57.152 [main] INFO  Donation - 	DonorName: Funny  Duckling
2024-03-12 13:04:57.152 [main] INFO  Donation - 	DollarValue: 1090.00
2024-03-12 13:04:57.152 [main] INFO  Donation - 	ID: 708
2024-03-12 13:04:57.152 [main] INFO  Donation - 	Remaining: 1090.00
2024-03-12 13:04:57.152 [main] INFO  Donation - 	Date: 2024-03-01T00:00
2024-03-12 13:04:57.153 [main] INFO  Donation - Candidate:
2024-03-12 13:04:57.153 [main] INFO  Donation - 	DonationType: CLOTHING
2024-03-12 13:04:57.153 [main] INFO  Donation - 	DonorName: Michelle  Sonnenberg
2024-03-12 13:04:57.153 [main] INFO  Donation - 	DollarValue: 750.00
2024-03-12 13:04:57.153 [main] INFO  Donation - 	ID: 713
2024-03-12 13:04:57.153 [main] INFO  Donation - 	Remaining: 750.00
2024-03-12 13:04:57.154 [main] INFO  Donation - 	Date: 2024-02-01T00:00
2024-03-12 13:04:57.154 [main] INFO  Donation - Candidate:
2024-03-12 13:04:57.154 [main] INFO  Donation - 	DonationType: CLOTHING
2024-03-12 13:04:57.154 [main] INFO  Donation - 	DonorName: Gertrude  Dux
2024-03-12 13:04:57.154 [main] INFO  Donation - 	DollarValue: 3500.00
2024-03-12 13:04:57.155 [main] INFO  Donation - 	ID: 714
2024-03-12 13:04:57.155 [main] INFO  Donation - 	Remaining: 3500.00
2024-03-12 13:04:57.155 [main] INFO  Donation - 	Date: 2024-01-01T00:00
2024-03-12 13:04:57.155 [main] INFO  Donation - Candidate:
2024-03-12 13:04:57.155 [main] INFO  Donation - 	DonationType: CLOTHING
2024-03-12 13:04:57.156 [main] INFO  Donation - 	DonorName: Ed  Foote
2024-03-12 13:04:57.156 [main] INFO  Donation - 	DollarValue: 999.00
2024-03-12 13:04:57.156 [main] INFO  Donation - 	ID: 716
2024-03-12 13:04:57.156 [main] INFO  Donation - 	Remaining: 999.00
2024-03-12 13:04:57.156 [main] INFO  Donation - 	Date: 2024-03-07T00:00
2024-03-12 13:04:57.157 [main] INFO  Donation - Candidate:
2024-03-12 13:04:57.157 [main] INFO  Donation - 	DonationType: CLOTHING
2024-03-12 13:04:57.157 [main] INFO  Donation - 	DonorName: Funny  Duckling
2024-03-12 13:04:57.157 [main] INFO  Donation - 	DollarValue: 1090.00
2024-03-12 13:04:57.157 [main] INFO  Donation - 	ID: 720
2024-03-12 13:04:57.158 [main] INFO  Donation - 	Remaining: 1090.00
2024-03-12 13:04:57.158 [main] INFO  Donation - 	Date: 2024-03-01T00:00
2024-03-12 13:04:57.158 [main] INFO  Donation - 269: 505.8
2024-03-12 13:04:57.159 [main] INFO  Donation - Winner: 269=505.8
2024-03-12 13:04:57.161 [main] INFO  Donation - Distribute(): Running query: INSERT INTO donations_manager.distributions(DonationType,DollarValue,Date) values("CLOTHING",244.2,"2024-03-12T13:04:54.315622200")
2024-03-12 13:04:57.181 [main] INFO  Donation - Distribute(): Running query: UPDATE donations_manager.donations SET Remaining = 261.6 WHERE ID = 269
2024-03-12 13:04:57.220 [main] INFO  Donation - name: Michelle  Sonnenberg
2024-03-12 13:04:57.220 [main] INFO  Donation - Distribute(): Running query: SELECT * FROM donations_manager.donations WHERE DonorName="Michelle  Sonnenberg" AND Remaining =261.6
2024-03-12 13:04:57.235 [main] INFO  Donation - Result of query execution: true
2024-03-12 13:04:57.235 [main] INFO  Donation - updatedSuccessfully: true
2024-03-12 13:04:57.236 [main] INFO  Donation - GenerateInventoryReport(): Connecting to DB: MySQL_database
2024-03-12 13:04:57.236 [main] INFO  Donation - GenerateInventoryReport(): query: 
2024-03-12 13:04:57.237 [main] INFO  Donation - GenerateInventoryReport(): Creating a report for donation inventory by type for "as of" date of: 2024-03-12T13:04:54.315622200
2024-03-12 13:04:57.238 [main] INFO  Donation - GenerateDonatorReport(): Connecting to DB: MySQL_database
2024-03-12 13:04:57.238 [main] INFO  Donation - GenerateDonatorReport(): query: 
2024-03-12 13:04:57.238 [main] INFO  Donation - GenerateDonatorReport(): Creating a report for donations summary by donor
